TN:
SF:/home/msaied/Documents/TPI-morfologia-matematica/ejercicios.cpp
FN:7,_Z14esImagenValidaRKSt6vectorIS_IiSaIiEESaIS1_EE
FN:17,_Z20sonPixelesConectadosRKSt6vectorIS_IiSaIiEESaIS1_EERKS1_S7_i
FN:35,_Z21devolverPromedioAreasRKSt6vectorIS_IiSaIiEESaIS1_EEi
FN:52,_Z16calcularContornoRKSt6vectorIS_IiSaIiEESaIS1_EEi
FN:67,_Z11cerrarFormaRSt6vectorIS_IiSaIiEESaIS1_EERKS3_
FN:76,_Z22obtenerRegionConectadaRSt6vectorIS_IiSaIiEESaIS1_EERKS1_
FN:91,_GLOBAL__sub_I__Z14esImagenValidaRKSt6vectorIS_IiSaIiEESaIS1_EE
FN:91,_Z41__static_initialization_and_destruction_0ii
FNDA:5,_Z14esImagenValidaRKSt6vectorIS_IiSaIiEESaIS1_EE
FNDA:18,_Z20sonPixelesConectadosRKSt6vectorIS_IiSaIiEESaIS1_EERKS1_S7_i
FNDA:18,_Z21devolverPromedioAreasRKSt6vectorIS_IiSaIiEESaIS1_EEi
FNDA:4,_Z16calcularContornoRKSt6vectorIS_IiSaIiEESaIS1_EEi
FNDA:2,_Z11cerrarFormaRSt6vectorIS_IiSaIiEESaIS1_EERKS3_
FNDA:4,_Z22obtenerRegionConectadaRSt6vectorIS_IiSaIiEESaIS1_EERKS1_
FNDA:1,_GLOBAL__sub_I__Z14esImagenValidaRKSt6vectorIS_IiSaIiEESaIS1_EE
FNDA:1,_Z41__static_initialization_and_destruction_0ii
FNF:8
FNH:8
DA:7,5
DA:8,5
DA:9,5
DA:10,2
DA:12,5
DA:17,18
DA:18,18
DA:19,1
DA:22,17
DA:23,34
DA:24,85
DA:25,68
DA:26,10
DA:30,17
DA:35,18
DA:36,36
DA:37,69
DA:38,194
DA:39,143
DA:40,122
DA:41,61
DA:45,18
DA:46,18
DA:48,36
DA:52,4
DA:53,4
DA:54,24
DA:55,124
DA:56,208
DA:57,208
DA:58,104
DA:59,44
DA:63,4
DA:67,2
DA:68,4
DA:69,4
DA:70,2
DA:71,4
DA:76,4
DA:77,8
DA:78,8
DA:79,4
DA:80,4
DA:81,24
DA:82,20
DA:83,20
DA:84,10
DA:85,10
DA:88,4
DA:89,4
DA:90,8
DA:91,3
LF:52
LH:52
end_of_record
SF:/usr/include/c++/7/bits/alloc_traits.h
FN:435,_ZNSt16allocator_traitsISaIiEE8allocateERS0_m
FN:435,_ZNSt16allocator_traitsISaISt6vectorIS0_IiSaIiEESaIS2_EEEE8allocateERS5_m
FN:435,_ZNSt16allocator_traitsISaISt6vectorIiSaIiEEEE8allocateERS3_m
FN:461,_ZNSt16allocator_traitsISaIiEE10deallocateERS0_Pim
FN:461,_ZNSt16allocator_traitsISaISt6vectorIiSaIiEEEE10deallocateERS3_PS2_m
FN:461,_ZNSt16allocator_traitsISaISt6vectorIS0_IiSaIiEESaIS2_EEEE10deallocateERS5_PS4_m
FN:474,_ZNSt16allocator_traitsISaISt6vectorIS0_IiSaIiEESaIS2_EEEE9constructIS4_JRKS4_EEEvRS5_PT_DpOT0_
FN:474,_ZNSt16allocator_traitsISaISt6vectorIiSaIiEEEE9constructIS2_JRKS2_EEEvRS3_PT_DpOT0_
FN:486,_ZNSt16allocator_traitsISaISt6vectorIS0_IiSaIiEESaIS2_EEEE7destroyIS4_EEvRS5_PT_
FN:486,_ZNSt16allocator_traitsISaISt6vectorIiSaIiEEEE7destroyIS2_EEvRS3_PT_
FN:495,_ZNSt16allocator_traitsISaISt6vectorIiSaIiEEEE8max_sizeERKS3_
FN:495,_ZNSt16allocator_traitsISaISt6vectorIS0_IiSaIiEESaIS2_EEEE8max_sizeERKS5_
FN:504,_ZNSt16allocator_traitsISaISt6vectorIiSaIiEEEE37select_on_container_copy_constructionERKS3_
FN:504,_ZNSt16allocator_traitsISaIiEE37select_on_container_copy_constructionERKS0_
FN:516,_ZSt18__do_alloc_on_copyISaISt6vectorIiSaIiEEEEvRT_RKS4_St17integral_constantIbLb0EE
FN:516,_ZSt18__do_alloc_on_copyISaIiEEvRT_RKS1_St17integral_constantIbLb0EE
FN:520,_ZSt15__alloc_on_copyISaISt6vectorIiSaIiEEEEvRT_RKS4_
FN:520,_ZSt15__alloc_on_copyISaIiEEvRT_RKS1_
FN:535,_ZSt18__do_alloc_on_moveISaISt6vectorIS0_IiSaIiEESaIS2_EEEEvRT_S7_St17integral_constantIbLb1EE
FN:543,_ZSt15__alloc_on_moveISaISt6vectorIS0_IiSaIiEESaIS2_EEEEvRT_S7_
FNDA:8080,_ZNSt16allocator_traitsISaISt6vectorIiSaIiEEEE8allocateERS3_m
FNDA:89,_ZNSt16allocator_traitsISaISt6vectorIS0_IiSaIiEESaIS2_EEEE8allocateERS5_m
FNDA:63115,_ZNSt16allocator_traitsISaIiEE8allocateERS0_m
FNDA:63115,_ZNSt16allocator_traitsISaIiEE10deallocateERS0_Pim
FNDA:89,_ZNSt16allocator_traitsISaISt6vectorIS0_IiSaIiEESaIS2_EEEE10deallocateERS5_PS4_m
FNDA:8080,_ZNSt16allocator_traitsISaISt6vectorIiSaIiEEEE10deallocateERS3_PS2_m
FNDA:948,_ZNSt16allocator_traitsISaISt6vectorIiSaIiEEEE9constructIS2_JRKS2_EEEvRS3_PT_DpOT0_
FNDA:110,_ZNSt16allocator_traitsISaISt6vectorIS0_IiSaIiEESaIS2_EEEE9constructIS4_JRKS4_EEEvRS5_PT_DpOT0_
FNDA:0,_ZNSt16allocator_traitsISaISt6vectorIiSaIiEEEE7destroyIS2_EEvRS3_PT_
FNDA:0,_ZNSt16allocator_traitsISaISt6vectorIS0_IiSaIiEESaIS2_EEEE7destroyIS4_EEvRS5_PT_
FNDA:5528,_ZNSt16allocator_traitsISaISt6vectorIiSaIiEEEE8max_sizeERKS3_
FNDA:178,_ZNSt16allocator_traitsISaISt6vectorIS0_IiSaIiEESaIS2_EEEE8max_sizeERKS5_
FNDA:5154,_ZNSt16allocator_traitsISaISt6vectorIiSaIiEEEE37select_on_container_copy_constructionERKS3_
FNDA:39392,_ZNSt16allocator_traitsISaIiEE37select_on_container_copy_constructionERKS0_
FNDA:0,_ZSt18__do_alloc_on_copyISaIiEEvRT_RKS1_St17integral_constantIbLb0EE
FNDA:0,_ZSt18__do_alloc_on_copyISaISt6vectorIiSaIiEEEEvRT_RKS4_St17integral_constantIbLb0EE
FNDA:0,_ZSt15__alloc_on_copyISaIiEEvRT_RKS1_
FNDA:0,_ZSt15__alloc_on_copyISaISt6vectorIiSaIiEEEEvRT_RKS4_
FNDA:18,_ZSt18__do_alloc_on_moveISaISt6vectorIS0_IiSaIiEESaIS2_EEEEvRT_S7_St17integral_constantIbLb1EE
FNDA:18,_ZSt15__alloc_on_moveISaISt6vectorIS0_IiSaIiEESaIS2_EEEEvRT_S7_
FNF:20
FNH:14
DA:435,71284
DA:436,71284
DA:461,71284
DA:462,71284
DA:474,1058
DA:475,1058
DA:486,0
DA:487,0
DA:495,5706
DA:496,5706
DA:504,44546
DA:505,44546
DA:516,0
DA:517,0
DA:520,0
DA:524,0
DA:525,0
DA:535,18
DA:536,18
DA:543,18
DA:547,18
DA:548,18
LF:22
LH:15
end_of_record
SF:/usr/include/c++/7/bits/allocator.h
FN:131,_ZNSaISt6vectorIS_IiSaIiEESaIS1_EEEC2Ev
FN:131,_ZNSaIiEC2Ev
FN:131,_ZNSaISt6vectorIiSaIiEEEC2Ev
FN:133,_ZNSaISt6vectorIS_IiSaIiEESaIS1_EEEC2ERKS4_
FN:133,_ZNSaISt6vectorIiSaIiEEEC2ERKS2_
FN:133,_ZNSaIiEC2ERKS_
FN:139,_ZNSaISt6vectorIS_IiSaIiEESaIS1_EEED2Ev
FN:139,_ZNSaIiED2Ev
FN:139,_ZNSaISt6vectorIiSaIiEEED2Ev
FN:164,_ZStneIiEbRKSaIT_ES3_
FN:164,_ZStneISt6vectorIiSaIiEEEbRKSaIT_ES6_
FNDA:40,_ZNSaISt6vectorIS_IiSaIiEESaIS1_EEEC2Ev
FNDA:2136,_ZNSaISt6vectorIiSaIiEEEC2Ev
FNDA:23704,_ZNSaIiEC2Ev
FNDA:36,_ZNSaISt6vectorIS_IiSaIiEESaIS1_EEEC2ERKS4_
FNDA:12549,_ZNSaISt6vectorIiSaIiEEEC2ERKS2_
FNDA:108653,_ZNSaIiEC2ERKS_
FNDA:76,_ZNSaISt6vectorIS_IiSaIiEESaIS1_EEED2Ev
FNDA:14685,_ZNSaISt6vectorIiSaIiEEED2Ev
FNDA:132357,_ZNSaIiED2Ev
FNDA:0,_ZStneIiEbRKSaIT_ES3_
FNDA:0,_ZStneISt6vectorIiSaIiEEEbRKSaIT_ES6_
FNF:11
FNH:9
DA:131,25880
DA:133,121238
DA:134,121238
DA:139,147118
DA:164,0
DA:166,0
LF:6
LH:4
end_of_record
SF:/usr/include/c++/7/bits/cpp_type_traits.h
FN:408,_ZSt12__miter_baseIN9__gnu_cxx17__normal_iteratorIPKSt6vectorIiSaIiEES2_IS4_SaIS4_EEEEET_SA_
FN:408,_ZSt12__miter_baseIPiET_S1_
FN:408,_ZSt12__miter_baseIN9__gnu_cxx17__normal_iteratorIPKiSt6vectorIiSaIiEEEEET_S8_
FN:408,_ZSt12__miter_baseIPKiET_S2_
FN:408,_ZSt12__miter_baseIPSt6vectorIiSaIiEEET_S4_
FNDA:112,_ZSt12__miter_baseIPiET_S1_
FNDA:47392,_ZSt12__miter_baseIPKiET_S2_
FNDA:78880,_ZSt12__miter_baseIN9__gnu_cxx17__normal_iteratorIPKiSt6vectorIiSaIiEEEEET_S8_
FNDA:0,_ZSt12__miter_baseIPSt6vectorIiSaIiEEET_S4_
FNDA:12,_ZSt12__miter_baseIN9__gnu_cxx17__normal_iteratorIPKSt6vectorIiSaIiEES2_IS4_SaIS4_EEEEET_SA_
FNF:5
FNH:4
DA:408,126396
DA:409,126396
LF:2
LH:2
end_of_record
SF:/usr/include/c++/7/bits/move.h
FN:47,_ZSt11__addressofISt6vectorIS0_IiSaIiEESaIS2_EEEPT_RS5_
FN:47,_ZSt11__addressofISt6vectorIiSaIiEEEPT_RS3_
FN:73,_ZSt7forwardIRKSt6vectorIS0_IiSaIiEESaIS2_EEEOT_RNSt16remove_referenceIS7_E4typeE
FN:73,_ZSt7forwardIRSt6vectorIiSaIiEEEOT_RNSt16remove_referenceIS4_E4typeE
FN:73,_ZSt7forwardIRKSt6vectorIiSaIiEEEOT_RNSt16remove_referenceIS5_E4typeE
FN:73,_ZSt7forwardISt6vectorIS0_IiSaIiEESaIS2_EEEOT_RNSt16remove_referenceIS5_E4typeE
FN:73,_ZSt7forwardISt6vectorIiSaIiEEEOT_RNSt16remove_referenceIS3_E4typeE
FN:98,_ZSt4moveIRPSt6vectorIS0_IiSaIiEESaIS2_EEEONSt16remove_referenceIT_E4typeEOS8_
FN:98,_ZSt4moveIRSt6vectorIS0_IiSaIiEESaIS2_EEEONSt16remove_referenceIT_E4typeEOS7_
FN:98,_ZSt4moveIRSaISt6vectorIS0_IiSaIiEESaIS2_EEEEONSt16remove_referenceIT_E4typeEOS8_
FN:98,_ZSt4moveIRSaISt6vectorIiSaIiEEEEONSt16remove_referenceIT_E4typeEOS6_
FN:98,_ZSt4moveIRSt6vectorIiSaIiEEEONSt16remove_referenceIT_E4typeEOS5_
FN:98,_ZSt4moveIRSaIiEEONSt16remove_referenceIT_E4typeEOS3_
FN:98,_ZSt4moveIRPSt6vectorIiSaIiEEEONSt16remove_referenceIT_E4typeEOS6_
FN:98,_ZSt4moveIRSt6vectorIS0_IS0_IiSaIiEESaIS2_EESaIS4_EEEONSt16remove_referenceIT_E4typeEOS9_
FN:98,_ZSt4moveIRPiEONSt16remove_referenceIT_E4typeEOS3_
FN:187,_ZSt4swapIPiENSt9enable_ifIXsrSt6__and_IJSt6__not_ISt15__is_tuple_likeIT_EESt21is_move_constructibleIS5_ESt18is_move_assignableIS5_EEE5valueEvE4typeERS5_SF_
FN:187,_ZSt4swapIPSt6vectorIiSaIiEEENSt9enable_ifIXsrSt6__and_IJSt6__not_ISt15__is_tuple_likeIT_EESt21is_move_constructibleIS8_ESt18is_move_assignableIS8_EEE5valueEvE4typeERS8_SI_
FN:187,_ZSt4swapIPSt6vectorIS0_IiSaIiEESaIS2_EEENSt9enable_ifIXsrSt6__and_IJSt6__not_ISt15__is_tuple_likeIT_EESt21is_move_constructibleISA_ESt18is_move_assignableISA_EEE5valueEvE4typeERSA_SK_
FNDA:336,_ZSt11__addressofISt6vectorIS0_IiSaIiEESaIS2_EEEPT_RS5_
FNDA:83020,_ZSt11__addressofISt6vectorIiSaIiEEEPT_RS3_
FNDA:10690,_ZSt7forwardISt6vectorIiSaIiEEEOT_RNSt16remove_referenceIS3_E4typeE
FNDA:113,_ZSt7forwardISt6vectorIS0_IiSaIiEESaIS2_EEEOT_RNSt16remove_referenceIS5_E4typeE
FNDA:2676,_ZSt7forwardIRSt6vectorIiSaIiEEEOT_RNSt16remove_referenceIS4_E4typeE
FNDA:35749,_ZSt7forwardIRKSt6vectorIiSaIiEEEOT_RNSt16remove_referenceIS5_E4typeE
FNDA:309,_ZSt7forwardIRKSt6vectorIS0_IiSaIiEESaIS2_EEEOT_RNSt16remove_referenceIS7_E4typeE
FNDA:55557,_ZSt4moveIRPiEONSt16remove_referenceIT_E4typeEOS3_
FNDA:12106,_ZSt4moveIRSaIiEEONSt16remove_referenceIT_E4typeEOS3_
FNDA:7867,_ZSt4moveIRSt6vectorIiSaIiEEEONSt16remove_referenceIT_E4typeEOS5_
FNDA:18,_ZSt4moveIRSaISt6vectorIS0_IiSaIiEESaIS2_EEEEONSt16remove_referenceIT_E4typeEOS8_
FNDA:324,_ZSt4moveIRPSt6vectorIS0_IiSaIiEESaIS2_EEEONSt16remove_referenceIT_E4typeEOS8_
FNDA:18711,_ZSt4moveIRPSt6vectorIiSaIiEEEONSt16remove_referenceIT_E4typeEOS6_
FNDA:1209,_ZSt4moveIRSaISt6vectorIiSaIiEEEEONSt16remove_referenceIT_E4typeEOS6_
FNDA:18,_ZSt4moveIRSt6vectorIS0_IS0_IiSaIiEESaIS2_EESaIS4_EEEONSt16remove_referenceIT_E4typeEOS9_
FNDA:1096,_ZSt4moveIRSt6vectorIS0_IiSaIiEESaIS2_EEEONSt16remove_referenceIT_E4typeEOS7_
FNDA:18519,_ZSt4swapIPiENSt9enable_ifIXsrSt6__and_IJSt6__not_ISt15__is_tuple_likeIT_EESt21is_move_constructibleIS5_ESt18is_move_assignableIS5_EEE5valueEvE4typeERS5_SF_
FNDA:108,_ZSt4swapIPSt6vectorIS0_IiSaIiEESaIS2_EEENSt9enable_ifIXsrSt6__and_IJSt6__not_ISt15__is_tuple_likeIT_EESt21is_move_constructibleISA_ESt18is_move_assignableISA_EEE5valueEvE4typeERSA_SK_
FNDA:6237,_ZSt4swapIPSt6vectorIiSaIiEEENSt9enable_ifIXsrSt6__and_IJSt6__not_ISt15__is_tuple_likeIT_EESt21is_move_constructibleIS8_ESt18is_move_assignableIS8_EEE5valueEvE4typeERS8_SI_
FNF:19
FNH:19
DA:47,83356
DA:48,83356
DA:73,49537
DA:74,49537
DA:98,96906
DA:99,96906
DA:187,24864
DA:198,24864
DA:199,24864
DA:200,24864
DA:201,24864
LF:11
LH:11
end_of_record
SF:/usr/include/c++/7/bits/stl_algobase.h
FN:219,_ZSt3maxImERKT_S2_S2_
FN:277,_ZSt12__niter_baseIPSt6vectorIiSaIiEEET_S4_
FN:277,_ZSt12__niter_baseIPKiET_S2_
FN:277,_ZSt12__niter_baseIPiET_S1_
FN:319,_ZNSt11__copy_moveILb0ELb0ESt26random_access_iterator_tagE8__copy_mIPKSt6vectorIiSaIiEEPS5_EET0_T_SA_S9_
FN:319,_ZNSt11__copy_moveILb0ELb0ESt26random_access_iterator_tagE8__copy_mIPSt6vectorIiSaIiEES6_EET0_T_S8_S7_
FN:357,_ZNSt11__copy_moveILb0ELb1ESt26random_access_iterator_tagE8__copy_mIiEEPT_PKS3_S6_S4_
FN:375,_ZSt13__copy_move_aILb0EPiS0_ET1_T0_S2_S1_
FN:375,_ZSt13__copy_move_aILb0EPKiPiET1_T0_S4_S3_
FN:375,_ZSt13__copy_move_aILb0EPKSt6vectorIiSaIiEEPS2_ET1_T0_S7_S6_
FN:375,_ZSt13__copy_move_aILb0EPSt6vectorIiSaIiEES3_ET1_T0_S5_S4_
FN:420,_ZSt14__copy_move_a2ILb0EPKiPiET1_T0_S4_S3_
FN:420,_ZSt14__copy_move_a2ILb0EN9__gnu_cxx17__normal_iteratorIPKiSt6vectorIiSaIiEEEENS1_IPiS6_EEET1_T0_SB_SA_
FN:420,_ZSt14__copy_move_a2ILb0EN9__gnu_cxx17__normal_iteratorIPKSt6vectorIiSaIiEES2_IS4_SaIS4_EEEENS1_IPS4_S8_EEET1_T0_SD_SC_
FN:420,_ZSt14__copy_move_a2ILb0EPSt6vectorIiSaIiEES3_ET1_T0_S5_S4_
FN:420,_ZSt14__copy_move_a2ILb0EN9__gnu_cxx17__normal_iteratorIPKiSt6vectorIiSaIiEEEEPiET1_T0_SA_S9_
FN:420,_ZSt14__copy_move_a2ILb0EPiS0_ET1_T0_S2_S1_
FN:446,_ZSt4copyIN9__gnu_cxx17__normal_iteratorIPKiSt6vectorIiSaIiEEEENS1_IPiS6_EEET0_T_SB_SA_
FN:446,_ZSt4copyIPiS0_ET0_T_S2_S1_
FN:446,_ZSt4copyIN9__gnu_cxx17__normal_iteratorIPKiSt6vectorIiSaIiEEEEPiET0_T_SA_S9_
FN:446,_ZSt4copyIPSt6vectorIiSaIiEES3_ET0_T_S5_S4_
FN:446,_ZSt4copyIPKiPiET0_T_S4_S3_
FN:446,_ZSt4copyIN9__gnu_cxx17__normal_iteratorIPKSt6vectorIiSaIiEES2_IS4_SaIS4_EEEENS1_IPS4_S8_EEET0_T_SD_SC_
FN:811,_ZNSt7__equalILb1EE5equalIiEEbPKT_S4_S4_
FN:821,_ZSt11__equal_auxIPKiS1_EbT_S2_T0_
FN:1041,_ZSt5equalIN9__gnu_cxx17__normal_iteratorIPKiSt6vectorIiSaIiEEEES7_EbT_S8_T0_
FNDA:2911,_ZSt3maxImERKT_S2_S2_
FNDA:47392,_ZSt12__niter_baseIPKiET_S2_
FNDA:63256,_ZSt12__niter_baseIPiET_S1_
FNDA:0,_ZSt12__niter_baseIPSt6vectorIiSaIiEEET_S4_
FNDA:204,_ZNSt11__copy_moveILb0ELb0ESt26random_access_iterator_tagE8__copy_mIPSt6vectorIiSaIiEES6_EET0_T_S8_S7_
FNDA:6,_ZNSt11__copy_moveILb0ELb0ESt26random_access_iterator_tagE8__copy_mIPKSt6vectorIiSaIiEEPS5_EET0_T_SA_S9_
FNDA:63136,_ZNSt11__copy_moveILb0ELb1ESt26random_access_iterator_tagE8__copy_mIiEEPT_PKS3_S6_S4_
FNDA:0,_ZSt13__copy_move_aILb0EPiS0_ET1_T0_S2_S1_
FNDA:63136,_ZSt13__copy_move_aILb0EPKiPiET1_T0_S4_S3_
FNDA:204,_ZSt13__copy_move_aILb0EPSt6vectorIiSaIiEES3_ET1_T0_S5_S4_
FNDA:6,_ZSt13__copy_move_aILb0EPKSt6vectorIiSaIiEEPS2_ET1_T0_S7_S6_
FNDA:0,_ZSt14__copy_move_a2ILb0EPiS0_ET1_T0_S2_S1_
FNDA:48,_ZSt14__copy_move_a2ILb0EN9__gnu_cxx17__normal_iteratorIPKiSt6vectorIiSaIiEEEENS1_IPiS6_EEET1_T0_SB_SA_
FNDA:23696,_ZSt14__copy_move_a2ILb0EPKiPiET1_T0_S4_S3_
FNDA:39392,_ZSt14__copy_move_a2ILb0EN9__gnu_cxx17__normal_iteratorIPKiSt6vectorIiSaIiEEEEPiET1_T0_SA_S9_
FNDA:0,_ZSt14__copy_move_a2ILb0EPSt6vectorIiSaIiEES3_ET1_T0_S5_S4_
FNDA:6,_ZSt14__copy_move_a2ILb0EN9__gnu_cxx17__normal_iteratorIPKSt6vectorIiSaIiEES2_IS4_SaIS4_EEEENS1_IPS4_S8_EEET1_T0_SD_SC_
FNDA:0,_ZSt4copyIPiS0_ET0_T_S2_S1_
FNDA:48,_ZSt4copyIN9__gnu_cxx17__normal_iteratorIPKiSt6vectorIiSaIiEEEENS1_IPiS6_EEET0_T_SB_SA_
FNDA:23696,_ZSt4copyIPKiPiET0_T_S4_S3_
FNDA:39392,_ZSt4copyIN9__gnu_cxx17__normal_iteratorIPKiSt6vectorIiSaIiEEEEPiET0_T_SA_S9_
FNDA:0,_ZSt4copyIPSt6vectorIiSaIiEES3_ET0_T_S5_S4_
FNDA:6,_ZSt4copyIN9__gnu_cxx17__normal_iteratorIPKSt6vectorIiSaIiEES2_IS4_SaIS4_EEEENS1_IPS4_S8_EEET0_T_SD_SC_
FNDA:14685,_ZNSt7__equalILb1EE5equalIiEEbPKT_S4_S4_
FNDA:14685,_ZSt11__equal_auxIPKiS1_EbT_S2_T0_
FNDA:14685,_ZSt5equalIN9__gnu_cxx17__normal_iteratorIPKiSt6vectorIiSaIiEEEES7_EbT_S8_T0_
FNF:26
FNH:20
DA:219,2911
DA:224,2911
DA:225,1372
DA:226,1539
DA:277,110648
DA:278,110648
DA:319,210
DA:322,258
DA:324,48
DA:325,48
DA:326,48
DA:328,210
DA:357,63136
DA:366,63136
DA:367,63136
DA:368,63135
DA:369,63136
DA:375,63346
DA:380,63346
DA:386,63346
DA:420,63142
DA:422,63196
DA:424,63196
DA:446,63142
DA:455,63142
DA:456,63142
DA:811,14685
DA:813,14685
DA:814,14685
DA:815,0
DA:821,14685
DA:825,14685
DA:831,14685
DA:1041,14685
DA:1051,14685
DA:1053,14685
LF:36
LH:35
end_of_record
SF:/usr/include/c++/7/bits/stl_construct.h
FN:74,_ZSt10_ConstructISt6vectorIiSaIiEEJRKS2_EEvPT_DpOT0_
FN:74,_ZSt10_ConstructISt6vectorIiSaIiEEJS2_EEvPT_DpOT0_
FN:74,_ZSt10_ConstructISt6vectorIiSaIiEEJRS2_EEvPT_DpOT0_
FN:74,_ZSt10_ConstructISt6vectorIS0_IiSaIiEESaIS2_EEJS4_EEvPT_DpOT0_
FN:97,_ZSt8_DestroyISt6vectorIS0_IiSaIiEESaIS2_EEEvPT_
FN:97,_ZSt8_DestroyISt6vectorIiSaIiEEEvPT_
FN:105,_ZNSt12_Destroy_auxILb0EE9__destroyIPSt6vectorIiSaIiEEEEvT_S6_
FN:105,_ZNSt12_Destroy_auxILb0EE9__destroyIPSt6vectorIS2_IiSaIiEESaIS4_EEEEvT_S8_
FN:105,_ZNSt12_Destroy_auxILb0EE9__destroyIN9__gnu_cxx17__normal_iteratorIPSt6vectorIiSaIiEES4_IS6_SaIS6_EEEEEEvT_SB_
FN:117,_ZNSt12_Destroy_auxILb1EE9__destroyIPiEEvT_S3_
FN:117,_ZNSt12_Destroy_auxILb1EE9__destroyIN9__gnu_cxx17__normal_iteratorIPiSt6vectorIiSaIiEEEEEEvT_S9_
FN:127,_ZSt8_DestroyIN9__gnu_cxx17__normal_iteratorIPiSt6vectorIiSaIiEEEEEvT_S7_
FN:127,_ZSt8_DestroyIN9__gnu_cxx17__normal_iteratorIPSt6vectorIiSaIiEES2_IS4_SaIS4_EEEEEvT_S9_
FN:127,_ZSt8_DestroyIPSt6vectorIS0_IiSaIiEESaIS2_EEEvT_S6_
FN:127,_ZSt8_DestroyIPiEvT_S1_
FN:127,_ZSt8_DestroyIPSt6vectorIiSaIiEEEvT_S4_
FN:203,_ZSt8_DestroyIPiiEvT_S1_RSaIT0_E
FN:203,_ZSt8_DestroyIPSt6vectorIiSaIiEES2_EvT_S4_RSaIT0_E
FN:203,_ZSt8_DestroyIN9__gnu_cxx17__normal_iteratorIPSt6vectorIiSaIiEES2_IS4_SaIS4_EEEES4_EvT_S9_RSaIT0_E
FN:203,_ZSt8_DestroyIN9__gnu_cxx17__normal_iteratorIPiSt6vectorIiSaIiEEEEiEvT_S7_RSaIT0_E
FN:203,_ZSt8_DestroyIPSt6vectorIS0_IiSaIiEESaIS2_EES4_EvT_S6_RSaIT0_E
FNDA:4319,_ZSt10_ConstructISt6vectorIiSaIiEEJS2_EEvPT_DpOT0_
FNDA:113,_ZSt10_ConstructISt6vectorIS0_IiSaIiEESaIS2_EEJS4_EEvPT_DpOT0_
FNDA:33234,_ZSt10_ConstructISt6vectorIiSaIiEEJRKS2_EEvPT_DpOT0_
FNDA:2676,_ZSt10_ConstructISt6vectorIiSaIiEEJRS2_EEvPT_DpOT0_
FNDA:223,_ZSt8_DestroyISt6vectorIS0_IiSaIiEESaIS2_EEEvPT_
FNDA:42791,_ZSt8_DestroyISt6vectorIiSaIiEEEvPT_
FNDA:6,_ZNSt12_Destroy_auxILb0EE9__destroyIN9__gnu_cxx17__normal_iteratorIPSt6vectorIiSaIiEES4_IS6_SaIS6_EEEEEEvT_SB_
FNDA:147,_ZNSt12_Destroy_auxILb0EE9__destroyIPSt6vectorIS2_IiSaIiEESaIS4_EEEEvT_S8_
FNDA:11150,_ZNSt12_Destroy_auxILb0EE9__destroyIPSt6vectorIiSaIiEEEEvT_S6_
FNDA:48,_ZNSt12_Destroy_auxILb1EE9__destroyIN9__gnu_cxx17__normal_iteratorIPiSt6vectorIiSaIiEEEEEEvT_S9_
FNDA:69217,_ZNSt12_Destroy_auxILb1EE9__destroyIPiEEvT_S3_
FNDA:48,_ZSt8_DestroyIN9__gnu_cxx17__normal_iteratorIPiSt6vectorIiSaIiEEEEEvT_S7_
FNDA:6,_ZSt8_DestroyIN9__gnu_cxx17__normal_iteratorIPSt6vectorIiSaIiEES2_IS4_SaIS4_EEEEEvT_S9_
FNDA:69217,_ZSt8_DestroyIPiEvT_S1_
FNDA:147,_ZSt8_DestroyIPSt6vectorIS0_IiSaIiEESaIS2_EEEvT_S6_
FNDA:11150,_ZSt8_DestroyIPSt6vectorIiSaIiEEEvT_S4_
FNDA:48,_ZSt8_DestroyIN9__gnu_cxx17__normal_iteratorIPiSt6vectorIiSaIiEEEEiEvT_S7_RSaIT0_E
FNDA:6,_ZSt8_DestroyIN9__gnu_cxx17__normal_iteratorIPSt6vectorIiSaIiEES2_IS4_SaIS4_EEEES4_EvT_S9_RSaIT0_E
FNDA:69217,_ZSt8_DestroyIPiiEvT_S1_RSaIT0_E
FNDA:147,_ZSt8_DestroyIPSt6vectorIS0_IiSaIiEESaIS2_EES4_EvT_S6_RSaIT0_E
FNDA:11150,_ZSt8_DestroyIPSt6vectorIiSaIiEES2_EvT_S4_RSaIT0_E
FNF:21
FNH:21
DA:74,40342
DA:75,40342
DA:97,43014
DA:98,43014
DA:105,54317
DA:107,97331
DA:108,43014
DA:109,11303
DA:117,69265
DA:127,80568
DA:137,80568
DA:138,80568
DA:203,80568
DA:206,80568
DA:207,80568
LF:15
LH:15
end_of_record
SF:/usr/include/c++/7/bits/stl_iterator.h
FN:782,_ZN9__gnu_cxx17__normal_iteratorIPSt6vectorIiSaIiEES1_IS3_SaIS3_EEEC2ERKS4_
FN:782,_ZN9__gnu_cxx17__normal_iteratorIPiSt6vectorIiSaIiEEEC2ERKS1_
FN:782,_ZN9__gnu_cxx17__normal_iteratorIPKiSt6vectorIiSaIiEEEC2ERKS2_
FN:782,_ZN9__gnu_cxx17__normal_iteratorIPKSt6vectorIiSaIiEES1_IS3_SaIS3_EEEC2ERKS5_
FN:782,_ZN9__gnu_cxx17__normal_iteratorIPSt6vectorIS1_IiSaIiEESaIS3_EES1_IS5_SaIS5_EEEC2ERKS6_
FN:795,_ZNK9__gnu_cxx17__normal_iteratorIPSt6vectorIiSaIiEES1_IS3_SaIS3_EEEdeEv
FN:795,_ZNK9__gnu_cxx17__normal_iteratorIPKSt6vectorIiSaIiEES1_IS3_SaIS3_EEEdeEv
FN:803,_ZN9__gnu_cxx17__normal_iteratorIPKSt6vectorIiSaIiEES1_IS3_SaIS3_EEEppEv
FN:803,_ZN9__gnu_cxx17__normal_iteratorIPSt6vectorIiSaIiEES1_IS3_SaIS3_EEEppEv
FN:847,_ZNK9__gnu_cxx17__normal_iteratorIPiSt6vectorIiSaIiEEE4baseEv
FN:847,_ZNK9__gnu_cxx17__normal_iteratorIPSt6vectorIiSaIiEES1_IS3_SaIS3_EEE4baseEv
FN:847,_ZNK9__gnu_cxx17__normal_iteratorIPKiSt6vectorIiSaIiEEE4baseEv
FN:847,_ZNK9__gnu_cxx17__normal_iteratorIPSt6vectorIS1_IiSaIiEESaIS3_EES1_IS5_SaIS5_EEE4baseEv
FN:847,_ZNK9__gnu_cxx17__normal_iteratorIPKSt6vectorIiSaIiEES1_IS3_SaIS3_EEE4baseEv
FN:869,_ZN9__gnu_cxxeqIPKiSt6vectorIiSaIiEEEEbRKNS_17__normal_iteratorIT_T0_EESB_
FN:869,_ZN9__gnu_cxxeqIPKSt6vectorIiSaIiEES1_IS3_SaIS3_EEEEbRKNS_17__normal_iteratorIT_T0_EESD_
FN:883,_ZN9__gnu_cxxneIPSt6vectorIiSaIiEES1_IS3_SaIS3_EEEEbRKNS_17__normal_iteratorIT_T0_EESC_
FN:883,_ZN9__gnu_cxxneIPKSt6vectorIiSaIiEES1_IS3_SaIS3_EEEEbRKNS_17__normal_iteratorIT_T0_EESD_
FN:965,_ZN9__gnu_cxxmiIPSt6vectorIS1_IiSaIiEESaIS3_EES1_IS5_SaIS5_EEEENS_17__normal_iteratorIT_T0_E15difference_typeERKSC_SF_
FN:965,_ZN9__gnu_cxxmiIPSt6vectorIiSaIiEES1_IS3_SaIS3_EEEENS_17__normal_iteratorIT_T0_E15difference_typeERKSA_SD_
FN:986,_ZSt12__niter_baseIPKSt6vectorIiSaIiEES0_IS2_SaIS2_EEET_N9__gnu_cxx17__normal_iteratorIS7_T0_EE
FN:986,_ZSt12__niter_baseIPiSt6vectorIiSaIiEEET_N9__gnu_cxx17__normal_iteratorIS4_T0_EE
FN:986,_ZSt12__niter_baseIPKiSt6vectorIiSaIiEEET_N9__gnu_cxx17__normal_iteratorIS5_T0_EE
FN:986,_ZSt12__niter_baseIPSt6vectorIiSaIiEES0_IS2_SaIS2_EEET_N9__gnu_cxx17__normal_iteratorIS6_T0_EE
FN:1039,_ZNSt13move_iteratorIPSt6vectorIiSaIiEEEC2ES3_
FN:1039,_ZNSt13move_iteratorIPSt6vectorIS0_IiSaIiEESaIS2_EEEC2ES5_
FN:1048,_ZNKSt13move_iteratorIPSt6vectorIS0_IiSaIiEESaIS2_EEE4baseEv
FN:1048,_ZNKSt13move_iteratorIPSt6vectorIiSaIiEEE4baseEv
FN:1052,_ZNKSt13move_iteratorIPSt6vectorIS0_IiSaIiEESaIS2_EEEdeEv
FN:1052,_ZNKSt13move_iteratorIPSt6vectorIiSaIiEEEdeEv
FN:1060,_ZNSt13move_iteratorIPSt6vectorIiSaIiEEEppEv
FN:1060,_ZNSt13move_iteratorIPSt6vectorIS0_IiSaIiEESaIS2_EEEppEv
FN:1127,_ZSteqIPSt6vectorIS0_IiSaIiEESaIS2_EEEbRKSt13move_iteratorIT_ESA_
FN:1127,_ZSteqIPSt6vectorIiSaIiEEEbRKSt13move_iteratorIT_ES8_
FN:1139,_ZStneIPSt6vectorIS0_IiSaIiEESaIS2_EEEbRKSt13move_iteratorIT_ESA_
FN:1139,_ZStneIPSt6vectorIiSaIiEEEbRKSt13move_iteratorIT_ES8_
FN:1224,_ZSt32__make_move_if_noexcept_iteratorISt6vectorIiSaIiEESt13move_iteratorIPS2_EET0_PT_
FN:1224,_ZSt32__make_move_if_noexcept_iteratorISt6vectorIS0_IiSaIiEESaIS2_EESt13move_iteratorIPS4_EET0_PT_
FNDA:200,_ZN9__gnu_cxx17__normal_iteratorIPiSt6vectorIiSaIiEEEC2ERKS1_
FNDA:300,_ZN9__gnu_cxx17__normal_iteratorIPSt6vectorIS1_IiSaIiEESaIS3_EES1_IS5_SaIS5_EEEC2ERKS6_
FNDA:123585,_ZN9__gnu_cxx17__normal_iteratorIPKiSt6vectorIiSaIiEEEC2ERKS2_
FNDA:12339,_ZN9__gnu_cxx17__normal_iteratorIPKSt6vectorIiSaIiEES1_IS3_SaIS3_EEEC2ERKS5_
FNDA:15367,_ZN9__gnu_cxx17__normal_iteratorIPSt6vectorIiSaIiEES1_IS3_SaIS3_EEEC2ERKS4_
FNDA:35961,_ZNK9__gnu_cxx17__normal_iteratorIPKSt6vectorIiSaIiEES1_IS3_SaIS3_EEEdeEv
FNDA:17439,_ZNK9__gnu_cxx17__normal_iteratorIPSt6vectorIiSaIiEES1_IS3_SaIS3_EEEdeEv
FNDA:35961,_ZN9__gnu_cxx17__normal_iteratorIPKSt6vectorIiSaIiEES1_IS3_SaIS3_EEEppEv
FNDA:17119,_ZN9__gnu_cxx17__normal_iteratorIPSt6vectorIiSaIiEES1_IS3_SaIS3_EEEppEv
FNDA:160,_ZNK9__gnu_cxx17__normal_iteratorIPiSt6vectorIiSaIiEEE4baseEv
FNDA:620,_ZNK9__gnu_cxx17__normal_iteratorIPSt6vectorIS1_IiSaIiEESaIS3_EES1_IS5_SaIS5_EEE4baseEv
FNDA:123585,_ZNK9__gnu_cxx17__normal_iteratorIPKiSt6vectorIiSaIiEEE4baseEv
FNDA:85140,_ZNK9__gnu_cxx17__normal_iteratorIPKSt6vectorIiSaIiEES1_IS3_SaIS3_EEE4baseEv
FNDA:55785,_ZNK9__gnu_cxx17__normal_iteratorIPSt6vectorIiSaIiEES1_IS3_SaIS3_EEE4baseEv
FNDA:5,_ZN9__gnu_cxxeqIPKiSt6vectorIiSaIiEEEEbRKNS_17__normal_iteratorIT_T0_EESB_
FNDA:109,_ZN9__gnu_cxxeqIPKSt6vectorIiSaIiEES1_IS3_SaIS3_EEEEbRKNS_17__normal_iteratorIT_T0_EESD_
FNDA:41564,_ZN9__gnu_cxxneIPKSt6vectorIiSaIiEES1_IS3_SaIS3_EEEEbRKNS_17__normal_iteratorIT_T0_EESD_
FNDA:21074,_ZN9__gnu_cxxneIPSt6vectorIiSaIiEES1_IS3_SaIS3_EEEEbRKNS_17__normal_iteratorIT_T0_EESC_
FNDA:3196,_ZN9__gnu_cxxmiIPSt6vectorIiSaIiEES1_IS3_SaIS3_EEEENS_17__normal_iteratorIT_T0_E15difference_typeERKSA_SD_
FNDA:89,_ZN9__gnu_cxxmiIPSt6vectorIS1_IiSaIiEESaIS3_EES1_IS5_SaIS5_EEEENS_17__normal_iteratorIT_T0_E15difference_typeERKSC_SF_
FNDA:48,_ZSt12__niter_baseIPiSt6vectorIiSaIiEEET_N9__gnu_cxx17__normal_iteratorIS4_T0_EE
FNDA:618,_ZSt12__niter_baseIPSt6vectorIiSaIiEES0_IS2_SaIS2_EEET_N9__gnu_cxx17__normal_iteratorIS6_T0_EE
FNDA:36,_ZSt12__niter_baseIPKSt6vectorIiSaIiEES0_IS2_SaIS2_EEET_N9__gnu_cxx17__normal_iteratorIS7_T0_EE
FNDA:123575,_ZSt12__niter_baseIPKiSt6vectorIiSaIiEEET_N9__gnu_cxx17__normal_iteratorIS5_T0_EE
FNDA:11464,_ZNSt13move_iteratorIPSt6vectorIiSaIiEEEC2ES3_
FNDA:356,_ZNSt13move_iteratorIPSt6vectorIS0_IiSaIiEESaIS2_EEEC2ES5_
FNDA:20102,_ZNKSt13move_iteratorIPSt6vectorIiSaIiEEE4baseEv
FNDA:582,_ZNKSt13move_iteratorIPSt6vectorIS0_IiSaIiEESaIS2_EEE4baseEv
FNDA:4319,_ZNKSt13move_iteratorIPSt6vectorIiSaIiEEEdeEv
FNDA:113,_ZNKSt13move_iteratorIPSt6vectorIS0_IiSaIiEESaIS2_EEEdeEv
FNDA:4319,_ZNSt13move_iteratorIPSt6vectorIiSaIiEEEppEv
FNDA:113,_ZNSt13move_iteratorIPSt6vectorIS0_IiSaIiEESaIS2_EEEppEv
FNDA:10051,_ZSteqIPSt6vectorIiSaIiEEEbRKSt13move_iteratorIT_ES8_
FNDA:291,_ZSteqIPSt6vectorIS0_IiSaIiEESaIS2_EEEbRKSt13move_iteratorIT_ESA_
FNDA:10051,_ZStneIPSt6vectorIiSaIiEEEbRKSt13move_iteratorIT_ES8_
FNDA:291,_ZStneIPSt6vectorIS0_IiSaIiEESaIS2_EEEbRKSt13move_iteratorIT_ESA_
FNDA:11056,_ZSt32__make_move_if_noexcept_iteratorISt6vectorIiSaIiEESt13move_iteratorIPS2_EET0_PT_
FNDA:356,_ZSt32__make_move_if_noexcept_iteratorISt6vectorIS0_IiSaIiEESaIS2_EESt13move_iteratorIPS4_EET0_PT_
FNF:38
FNH:38
DA:782,151791
DA:783,151791
DA:795,53400
DA:796,53400
DA:803,53080
DA:805,53080
DA:806,53080
DA:847,265290
DA:848,265290
DA:869,114
DA:872,114
DA:883,62638
DA:886,62638
DA:965,3285
DA:968,3285
DA:986,124277
DA:987,124277
DA:1039,11820
DA:1040,11820
DA:1048,20684
DA:1049,20684
DA:1052,4432
DA:1053,4432
DA:1060,4432
DA:1062,4432
DA:1063,4432
DA:1127,10342
DA:1129,10342
DA:1139,10342
DA:1141,10342
DA:1224,11412
DA:1225,11412
LF:32
LH:32
end_of_record
SF:/usr/include/c++/7/bits/stl_iterator_base_funcs.h
FN:98,_ZSt10__distanceIPKSt6vectorIiSaIiEEENSt15iterator_traitsIT_E15difference_typeES6_S6_St26random_access_iterator_tag
FN:98,_ZSt10__distanceIPKiENSt15iterator_traitsIT_E15difference_typeES3_S3_St26random_access_iterator_tag
FN:138,_ZSt8distanceIPKSt6vectorIiSaIiEEENSt15iterator_traitsIT_E15difference_typeES6_S6_
FN:138,_ZSt8distanceIPKiENSt15iterator_traitsIT_E15difference_typeES3_S3_
FNDA:162,_ZSt10__distanceIPKSt6vectorIiSaIiEEENSt15iterator_traitsIT_E15difference_typeES6_S6_St26random_access_iterator_tag
FNDA:23696,_ZSt10__distanceIPKiENSt15iterator_traitsIT_E15difference_typeES3_S3_St26random_access_iterator_tag
FNDA:162,_ZSt8distanceIPKSt6vectorIiSaIiEEENSt15iterator_traitsIT_E15difference_typeES6_S6_
FNDA:23696,_ZSt8distanceIPKiENSt15iterator_traitsIT_E15difference_typeES3_S3_
FNF:4
FNH:4
DA:98,23858
DA:104,23858
DA:138,23858
DA:141,23858
DA:142,47716
LF:5
LH:5
end_of_record
SF:/usr/include/c++/7/bits/stl_iterator_base_types.h
FN:205,_ZSt19__iterator_categoryIPKiENSt15iterator_traitsIT_E17iterator_categoryERKS3_
FN:205,_ZSt19__iterator_categoryIPKSt6vectorIiSaIiEEENSt15iterator_traitsIT_E17iterator_categoryERKS6_
FNDA:162,_ZSt19__iterator_categoryIPKSt6vectorIiSaIiEEENSt15iterator_traitsIT_E17iterator_categoryERKS6_
FNDA:23696,_ZSt19__iterator_categoryIPKiENSt15iterator_traitsIT_E17iterator_categoryERKS3_
FNF:2
FNH:2
DA:205,23858
DA:206,23858
LF:2
LH:2
end_of_record
SF:/usr/include/c++/7/bits/stl_uninitialized.h
FN:76,_ZNSt20__uninitialized_copyILb0EE13__uninit_copyISt13move_iteratorIPSt6vectorIS3_IiSaIiEESaIS5_EEES8_EET0_T_SB_SA_
FN:76,_ZNSt20__uninitialized_copyILb0EE13__uninit_copyIN9__gnu_cxx17__normal_iteratorIPKSt6vectorIiSaIiEES4_IS6_SaIS6_EEEEPS6_EET0_T_SE_SD_
FN:76,_ZNSt20__uninitialized_copyILb0EE13__uninit_copyIPKSt6vectorIiSaIiEEPS4_EET0_T_S9_S8_
FN:76,_ZNSt20__uninitialized_copyILb0EE13__uninit_copyIPSt6vectorIiSaIiEES5_EET0_T_S7_S6_
FN:76,_ZNSt20__uninitialized_copyILb0EE13__uninit_copyISt13move_iteratorIPSt6vectorIiSaIiEEES6_EET0_T_S9_S8_
FN:99,_ZNSt20__uninitialized_copyILb1EE13__uninit_copyIN9__gnu_cxx17__normal_iteratorIPKiSt6vectorIiSaIiEEEEPiEET0_T_SC_SB_
FN:99,_ZNSt20__uninitialized_copyILb1EE13__uninit_copyIPiS2_EET0_T_S4_S3_
FN:99,_ZNSt20__uninitialized_copyILb1EE13__uninit_copyIPKiPiEET0_T_S6_S5_
FN:115,_ZSt18uninitialized_copyIPKSt6vectorIiSaIiEEPS2_ET0_T_S7_S6_
FN:115,_ZSt18uninitialized_copyIPSt6vectorIiSaIiEES3_ET0_T_S5_S4_
FN:115,_ZSt18uninitialized_copyISt13move_iteratorIPSt6vectorIS1_IiSaIiEESaIS3_EEES6_ET0_T_S9_S8_
FN:115,_ZSt18uninitialized_copyISt13move_iteratorIPSt6vectorIiSaIiEEES4_ET0_T_S7_S6_
FN:115,_ZSt18uninitialized_copyIN9__gnu_cxx17__normal_iteratorIPKSt6vectorIiSaIiEES2_IS4_SaIS4_EEEEPS4_ET0_T_SC_SB_
FN:115,_ZSt18uninitialized_copyIPKiPiET0_T_S4_S3_
FN:115,_ZSt18uninitialized_copyIN9__gnu_cxx17__normal_iteratorIPKiSt6vectorIiSaIiEEEEPiET0_T_SA_S9_
FN:115,_ZSt18uninitialized_copyIPiS0_ET0_T_S2_S1_
FN:287,_ZSt22__uninitialized_copy_aISt13move_iteratorIPSt6vectorIS1_IiSaIiEESaIS3_EEES6_S5_ET0_T_S9_S8_RSaIT1_E
FN:287,_ZSt22__uninitialized_copy_aIPKSt6vectorIiSaIiEEPS2_S2_ET0_T_S7_S6_RSaIT1_E
FN:287,_ZSt22__uninitialized_copy_aIPiS0_iET0_T_S2_S1_RSaIT1_E
FN:287,_ZSt22__uninitialized_copy_aISt13move_iteratorIPSt6vectorIiSaIiEEES4_S3_ET0_T_S7_S6_RSaIT1_E
FN:287,_ZSt22__uninitialized_copy_aIPSt6vectorIiSaIiEES3_S2_ET0_T_S5_S4_RSaIT1_E
FN:287,_ZSt22__uninitialized_copy_aIN9__gnu_cxx17__normal_iteratorIPKiSt6vectorIiSaIiEEEEPiiET0_T_SA_S9_RSaIT1_E
FN:287,_ZSt22__uninitialized_copy_aIN9__gnu_cxx17__normal_iteratorIPKSt6vectorIiSaIiEES2_IS4_SaIS4_EEEEPS4_S4_ET0_T_SC_SB_RSaIT1_E
FN:287,_ZSt22__uninitialized_copy_aIPKiPiiET0_T_S4_S3_RSaIT1_E
FN:305,_ZSt34__uninitialized_move_if_noexcept_aIPSt6vectorIS0_IiSaIiEESaIS2_EES5_SaIS4_EET0_T_S8_S7_RT1_
FN:305,_ZSt34__uninitialized_move_if_noexcept_aIPSt6vectorIiSaIiEES3_SaIS2_EET0_T_S6_S5_RT1_
FNDA:5732,_ZNSt20__uninitialized_copyILb0EE13__uninit_copyISt13move_iteratorIPSt6vectorIiSaIiEEES6_EET0_T_S9_S8_
FNDA:178,_ZNSt20__uninitialized_copyILb0EE13__uninit_copyISt13move_iteratorIPSt6vectorIS3_IiSaIiEESaIS5_EEES8_EET0_T_SB_SA_
FNDA:162,_ZNSt20__uninitialized_copyILb0EE13__uninit_copyIPKSt6vectorIiSaIiEEPS4_EET0_T_S9_S8_
FNDA:5154,_ZNSt20__uninitialized_copyILb0EE13__uninit_copyIN9__gnu_cxx17__normal_iteratorIPKSt6vectorIiSaIiEES4_IS6_SaIS6_EEEEPS6_EET0_T_SE_SD_
FNDA:0,_ZNSt20__uninitialized_copyILb0EE13__uninit_copyIPSt6vectorIiSaIiEES5_EET0_T_S7_S6_
FNDA:0,_ZNSt20__uninitialized_copyILb1EE13__uninit_copyIPiS2_EET0_T_S4_S3_
FNDA:23696,_ZNSt20__uninitialized_copyILb1EE13__uninit_copyIPKiPiEET0_T_S6_S5_
FNDA:39392,_ZNSt20__uninitialized_copyILb1EE13__uninit_copyIN9__gnu_cxx17__normal_iteratorIPKiSt6vectorIiSaIiEEEEPiEET0_T_SC_SB_
FNDA:0,_ZSt18uninitialized_copyIPiS0_ET0_T_S2_S1_
FNDA:5732,_ZSt18uninitialized_copyISt13move_iteratorIPSt6vectorIiSaIiEEES4_ET0_T_S7_S6_
FNDA:178,_ZSt18uninitialized_copyISt13move_iteratorIPSt6vectorIS1_IiSaIiEESaIS3_EEES6_ET0_T_S9_S8_
FNDA:162,_ZSt18uninitialized_copyIPKSt6vectorIiSaIiEEPS2_ET0_T_S7_S6_
FNDA:23696,_ZSt18uninitialized_copyIPKiPiET0_T_S4_S3_
FNDA:5154,_ZSt18uninitialized_copyIN9__gnu_cxx17__normal_iteratorIPKSt6vectorIiSaIiEES2_IS4_SaIS4_EEEEPS4_ET0_T_SC_SB_
FNDA:39392,_ZSt18uninitialized_copyIN9__gnu_cxx17__normal_iteratorIPKiSt6vectorIiSaIiEEEEPiET0_T_SA_S9_
FNDA:0,_ZSt18uninitialized_copyIPSt6vectorIiSaIiEES3_ET0_T_S5_S4_
FNDA:0,_ZSt22__uninitialized_copy_aIPiS0_iET0_T_S2_S1_RSaIT1_E
FNDA:5732,_ZSt22__uninitialized_copy_aISt13move_iteratorIPSt6vectorIiSaIiEEES4_S3_ET0_T_S7_S6_RSaIT1_E
FNDA:178,_ZSt22__uninitialized_copy_aISt13move_iteratorIPSt6vectorIS1_IiSaIiEESaIS3_EEES6_S5_ET0_T_S9_S8_RSaIT1_E
FNDA:162,_ZSt22__uninitialized_copy_aIPKSt6vectorIiSaIiEEPS2_S2_ET0_T_S7_S6_RSaIT1_E
FNDA:23696,_ZSt22__uninitialized_copy_aIPKiPiiET0_T_S4_S3_RSaIT1_E
FNDA:5154,_ZSt22__uninitialized_copy_aIN9__gnu_cxx17__normal_iteratorIPKSt6vectorIiSaIiEES2_IS4_SaIS4_EEEEPS4_S4_ET0_T_SC_SB_RSaIT1_E
FNDA:39392,_ZSt22__uninitialized_copy_aIN9__gnu_cxx17__normal_iteratorIPKiSt6vectorIiSaIiEEEEPiiET0_T_SA_S9_RSaIT1_E
FNDA:0,_ZSt22__uninitialized_copy_aIPSt6vectorIiSaIiEES3_S2_ET0_T_S5_S4_RSaIT1_E
FNDA:5528,_ZSt34__uninitialized_move_if_noexcept_aIPSt6vectorIiSaIiEES3_SaIS2_EET0_T_S6_S5_RT1_
FNDA:178,_ZSt34__uninitialized_move_if_noexcept_aIPSt6vectorIS0_IiSaIiEESaIS2_EES5_SaIS4_EET0_T_S8_S7_RT1_
FNF:26
FNH:20
DA:76,11226
DA:79,11226
DA:82,86558
DA:83,37666
DA:84,11226
DA:86,0
DA:88,0
DA:89,0
DA:99,63088
DA:101,63088
DA:115,74314
DA:128,74314
DA:134,74314
DA:287,74314
DA:289,74314
DA:305,5706
DA:311,5706
DA:312,5706
LF:18
LH:15
end_of_record
SF:/usr/include/c++/7/bits/stl_vector.h
FN:81,_ZNSt12_Vector_baseISt6vectorIiSaIiEESaIS2_EE12_Vector_implD2Ev
FN:81,_ZNSt12_Vector_baseISt6vectorIS0_IiSaIiEESaIS2_EESaIS4_EE12_Vector_implD2Ev
FN:81,_ZNSt12_Vector_baseIiSaIiEE12_Vector_implD2Ev
FN:88,_ZNSt12_Vector_baseISt6vectorIS0_IiSaIiEESaIS2_EESaIS4_EE12_Vector_implC2Ev
FN:88,_ZNSt12_Vector_baseISt6vectorIiSaIiEESaIS2_EE12_Vector_implC2Ev
FN:92,_ZNSt12_Vector_baseISt6vectorIS0_IiSaIiEESaIS2_EESaIS4_EE12_Vector_implC2ERKS5_
FN:92,_ZNSt12_Vector_baseIiSaIiEE12_Vector_implC2ERKS0_
FN:92,_ZNSt12_Vector_baseISt6vectorIiSaIiEESaIS2_EE12_Vector_implC2ERKS3_
FN:97,_ZNSt12_Vector_baseISt6vectorIiSaIiEESaIS2_EE12_Vector_implC2EOS3_
FN:97,_ZNSt12_Vector_baseIiSaIiEE12_Vector_implC2EOS0_
FN:103,_ZNSt12_Vector_baseISt6vectorIS0_IiSaIiEESaIS2_EESaIS4_EE12_Vector_impl12_M_swap_dataERS7_
FN:103,_ZNSt12_Vector_baseIiSaIiEE12_Vector_impl12_M_swap_dataERS2_
FN:103,_ZNSt12_Vector_baseISt6vectorIiSaIiEESaIS2_EE12_Vector_impl12_M_swap_dataERS5_
FN:115,_ZNSt12_Vector_baseISt6vectorIiSaIiEESaIS2_EE19_M_get_Tp_allocatorEv
FN:115,_ZNSt12_Vector_baseISt6vectorIS0_IiSaIiEESaIS2_EESaIS4_EE19_M_get_Tp_allocatorEv
FN:115,_ZNSt12_Vector_baseIiSaIiEE19_M_get_Tp_allocatorEv
FN:119,_ZNKSt12_Vector_baseIiSaIiEE19_M_get_Tp_allocatorEv
FN:119,_ZNKSt12_Vector_baseISt6vectorIiSaIiEESaIS2_EE19_M_get_Tp_allocatorEv
FN:119,_ZNKSt12_Vector_baseISt6vectorIS0_IiSaIiEESaIS2_EESaIS4_EE19_M_get_Tp_allocatorEv
FN:123,_ZNKSt12_Vector_baseISt6vectorIS0_IiSaIiEESaIS2_EESaIS4_EE13get_allocatorEv
FN:126,_ZNSt12_Vector_baseISt6vectorIS0_IiSaIiEESaIS2_EESaIS4_EEC2Ev
FN:126,_ZNSt12_Vector_baseISt6vectorIiSaIiEESaIS2_EEC2Ev
FN:129,_ZNSt12_Vector_baseISt6vectorIiSaIiEESaIS2_EEC2ERKS3_
FN:129,_ZNSt12_Vector_baseIiSaIiEEC2ERKS0_
FN:129,_ZNSt12_Vector_baseISt6vectorIS0_IiSaIiEESaIS2_EESaIS4_EEC2ERKS5_
FN:136,_ZNSt12_Vector_baseISt6vectorIiSaIiEESaIS2_EEC2EmRKS3_
FN:136,_ZNSt12_Vector_baseIiSaIiEEC2EmRKS0_
FN:144,_ZNSt12_Vector_baseISt6vectorIiSaIiEESaIS2_EEC2EOS4_
FN:144,_ZNSt12_Vector_baseIiSaIiEEC2EOS1_
FN:161,_ZNSt12_Vector_baseISt6vectorIS0_IiSaIiEESaIS2_EESaIS4_EED2Ev
FN:161,_ZNSt12_Vector_baseISt6vectorIiSaIiEESaIS2_EED2Ev
FN:161,_ZNSt12_Vector_baseIiSaIiEED2Ev
FN:169,_ZNSt12_Vector_baseISt6vectorIiSaIiEESaIS2_EE11_M_allocateEm
FN:169,_ZNSt12_Vector_baseISt6vectorIS0_IiSaIiEESaIS2_EESaIS4_EE11_M_allocateEm
FN:169,_ZNSt12_Vector_baseIiSaIiEE11_M_allocateEm
FN:176,_ZNSt12_Vector_baseISt6vectorIiSaIiEESaIS2_EE13_M_deallocateEPS2_m
FN:176,_ZNSt12_Vector_baseIiSaIiEE13_M_deallocateEPim
FN:176,_ZNSt12_Vector_baseISt6vectorIS0_IiSaIiEESaIS2_EESaIS4_EE13_M_deallocateEPS4_m
FN:185,_ZNSt12_Vector_baseIiSaIiEE17_M_create_storageEm
FN:185,_ZNSt12_Vector_baseISt6vectorIiSaIiEESaIS2_EE17_M_create_storageEm
FN:259,_ZNSt6vectorIS_IS_IiSaIiEESaIS1_EESaIS3_EEC2Ev
FN:259,_ZNSt6vectorIS_IiSaIiEESaIS1_EEC2Ev
FN:270,_ZNSt6vectorIS_IS_IiSaIiEESaIS1_EESaIS3_EEC2ERKS4_
FN:326,_ZNSt6vectorIiSaIiEEC2ERKS1_
FN:326,_ZNSt6vectorIS_IiSaIiEESaIS1_EEC2ERKS3_
FN:344,_ZNSt6vectorIiSaIiEEC2EOS1_
FN:344,_ZNSt6vectorIS_IiSaIiEESaIS1_EEC2EOS3_
FN:383,_ZNSt6vectorIS_IiSaIiEESaIS1_EEC2ESt16initializer_listIS1_ERKS2_
FN:383,_ZNSt6vectorIiSaIiEEC2ESt16initializer_listIiERKS0_
FN:433,_ZNSt6vectorIS_IS_IiSaIiEESaIS1_EESaIS3_EED2Ev
FN:433,_ZNSt6vectorIiSaIiEED2Ev
FN:433,_ZNSt6vectorIS_IiSaIiEESaIS1_EED2Ev
FN:461,_ZNSt6vectorIS_IS_IiSaIiEESaIS1_EESaIS3_EEaSEOS5_
FN:563,_ZNSt6vectorIiSaIiEE5beginEv
FN:563,_ZNSt6vectorIS_IS_IiSaIiEESaIS1_EESaIS3_EE5beginEv
FN:563,_ZNSt6vectorIS_IiSaIiEESaIS1_EE5beginEv
FN:572,_ZNKSt6vectorIiSaIiEE5beginEv
FN:572,_ZNKSt6vectorIS_IiSaIiEESaIS1_EE5beginEv
FN:581,_ZNSt6vectorIS_IS_IiSaIiEESaIS1_EESaIS3_EE3endEv
FN:581,_ZNSt6vectorIiSaIiEE3endEv
FN:581,_ZNSt6vectorIS_IiSaIiEESaIS1_EE3endEv
FN:590,_ZNKSt6vectorIiSaIiEE3endEv
FN:590,_ZNKSt6vectorIS_IiSaIiEESaIS1_EE3endEv
FN:670,_ZNKSt6vectorIS_IiSaIiEESaIS1_EE4sizeEv
FN:670,_ZNKSt6vectorIiSaIiEE4sizeEv
FN:670,_ZNKSt6vectorIS_IS_IiSaIiEESaIS1_EESaIS3_EE4sizeEv
FN:675,_ZNKSt6vectorIS_IiSaIiEESaIS1_EE8max_sizeEv
FN:675,_ZNKSt6vectorIS_IS_IiSaIiEESaIS1_EESaIS3_EE8max_sizeEv
FN:750,_ZNKSt6vectorIS_IiSaIiEESaIS1_EE8capacityEv
FN:750,_ZNKSt6vectorIiSaIiEE8capacityEv
FN:759,_ZNKSt6vectorIiSaIiEE5emptyEv
FN:759,_ZNKSt6vectorIS_IiSaIiEESaIS1_EE5emptyEv
FN:795,_ZNSt6vectorIS_IS_IiSaIiEESaIS1_EESaIS3_EEixEm
FN:813,_ZNKSt6vectorIiSaIiEEixEm
FN:813,_ZNKSt6vectorIS_IiSaIiEESaIS1_EEixEm
FN:939,_ZNSt6vectorIS_IS_IiSaIiEESaIS1_EESaIS3_EE9push_backERKS3_
FN:939,_ZNSt6vectorIS_IiSaIiEESaIS1_EE9push_backERKS1_
FN:1247,_ZNSt6vectorIS_IiSaIiEESaIS1_EE5clearEv
FN:1247,_ZNSt6vectorIiSaIiEE5clearEv
FN:1257,_ZNSt6vectorIiSaIiEE20_M_allocate_and_copyIN9__gnu_cxx17__normal_iteratorIPKiS1_EEEEPimT_S9_
FN:1257,_ZNSt6vectorIS_IiSaIiEESaIS1_EE20_M_allocate_and_copyIN9__gnu_cxx17__normal_iteratorIPKS1_S3_EEEEPS1_mT_SB_
FN:1324,_ZNSt6vectorIS_IiSaIiEESaIS1_EE19_M_range_initializeIPKS1_EEvT_S7_St20forward_iterator_tag
FN:1324,_ZNSt6vectorIiSaIiEE19_M_range_initializeIPKiEEvT_S5_St20forward_iterator_tag
FN:1502,_ZNKSt6vectorIS_IiSaIiEESaIS1_EE12_M_check_lenEmPKc
FN:1502,_ZNKSt6vectorIS_IS_IiSaIiEESaIS1_EESaIS3_EE12_M_check_lenEmPKc
FN:1516,_ZNSt6vectorIS_IiSaIiEESaIS1_EE15_M_erase_at_endEPS1_
FN:1516,_ZNSt6vectorIiSaIiEE15_M_erase_at_endEPi
FN:1534,_ZNSt6vectorIS_IS_IiSaIiEESaIS1_EESaIS3_EE14_M_move_assignEOS5_St17integral_constantIbLb1EE
FN:1601,_ZSteqIiSaIiEEbRKSt6vectorIT_T0_ES6_
FNDA:69189,_ZNSt12_Vector_baseIiSaIiEE12_Vector_implD2Ev
FNDA:58,_ZNSt12_Vector_baseISt6vectorIS0_IiSaIiEESaIS2_EESaIS4_EE12_Vector_implD2Ev
FNDA:8386,_ZNSt12_Vector_baseISt6vectorIiSaIiEESaIS2_EE12_Vector_implD2Ev
FNDA:1974,_ZNSt12_Vector_baseISt6vectorIiSaIiEESaIS2_EE12_Vector_implC2Ev
FNDA:40,_ZNSt12_Vector_baseISt6vectorIS0_IiSaIiEESaIS2_EESaIS4_EE12_Vector_implC2Ev
FNDA:18,_ZNSt12_Vector_baseISt6vectorIS0_IiSaIiEESaIS2_EESaIS4_EE12_Vector_implC2ERKS5_
FNDA:6299,_ZNSt12_Vector_baseISt6vectorIiSaIiEESaIS2_EE12_Vector_implC2ERKS3_
FNDA:63168,_ZNSt12_Vector_baseIiSaIiEE12_Vector_implC2ERKS0_
FNDA:6013,_ZNSt12_Vector_baseIiSaIiEE12_Vector_implC2EOS0_
FNDA:113,_ZNSt12_Vector_baseISt6vectorIiSaIiEESaIS2_EE12_Vector_implC2EOS3_
FNDA:6173,_ZNSt12_Vector_baseIiSaIiEE12_Vector_impl12_M_swap_dataERS2_
FNDA:36,_ZNSt12_Vector_baseISt6vectorIS0_IiSaIiEESaIS2_EESaIS4_EE12_Vector_impl12_M_swap_dataERS7_
FNDA:2079,_ZNSt12_Vector_baseISt6vectorIiSaIiEESaIS2_EE12_Vector_impl12_M_swap_dataERS5_
FNDA:138582,_ZNSt12_Vector_baseIiSaIiEE19_M_get_Tp_allocatorEv
FNDA:361,_ZNSt12_Vector_baseISt6vectorIS0_IiSaIiEESaIS2_EESaIS4_EE19_M_get_Tp_allocatorEv
FNDA:25103,_ZNSt12_Vector_baseISt6vectorIiSaIiEESaIS2_EE19_M_get_Tp_allocatorEv
FNDA:196,_ZNKSt12_Vector_baseISt6vectorIS0_IiSaIiEESaIS2_EESaIS4_EE19_M_get_Tp_allocatorEv
FNDA:39528,_ZNKSt12_Vector_baseIiSaIiEE19_M_get_Tp_allocatorEv
FNDA:11665,_ZNKSt12_Vector_baseISt6vectorIiSaIiEESaIS2_EE19_M_get_Tp_allocatorEv
FNDA:18,_ZNKSt12_Vector_baseISt6vectorIS0_IiSaIiEESaIS2_EESaIS4_EE13get_allocatorEv
FNDA:1974,_ZNSt12_Vector_baseISt6vectorIiSaIiEESaIS2_EEC2Ev
FNDA:40,_ZNSt12_Vector_baseISt6vectorIS0_IiSaIiEESaIS2_EESaIS4_EEC2Ev
FNDA:18,_ZNSt12_Vector_baseISt6vectorIS0_IiSaIiEESaIS2_EESaIS4_EEC2ERKS5_
FNDA:1145,_ZNSt12_Vector_baseISt6vectorIiSaIiEESaIS2_EEC2ERKS3_
FNDA:23776,_ZNSt12_Vector_baseIiSaIiEEC2ERKS0_
FNDA:5154,_ZNSt12_Vector_baseISt6vectorIiSaIiEESaIS2_EEC2EmRKS3_
FNDA:39392,_ZNSt12_Vector_baseIiSaIiEEC2EmRKS0_
FNDA:6013,_ZNSt12_Vector_baseIiSaIiEEC2EOS1_
FNDA:113,_ZNSt12_Vector_baseISt6vectorIiSaIiEESaIS2_EEC2EOS4_
FNDA:69189,_ZNSt12_Vector_baseIiSaIiEED2Ev
FNDA:58,_ZNSt12_Vector_baseISt6vectorIS0_IiSaIiEESaIS2_EESaIS4_EED2Ev
FNDA:8386,_ZNSt12_Vector_baseISt6vectorIiSaIiEESaIS2_EED2Ev
FNDA:8080,_ZNSt12_Vector_baseISt6vectorIiSaIiEESaIS2_EE11_M_allocateEm
FNDA:89,_ZNSt12_Vector_baseISt6vectorIS0_IiSaIiEESaIS2_EESaIS4_EE11_M_allocateEm
FNDA:63116,_ZNSt12_Vector_baseIiSaIiEE11_M_allocateEm
FNDA:69217,_ZNSt12_Vector_baseIiSaIiEE13_M_deallocateEPim
FNDA:147,_ZNSt12_Vector_baseISt6vectorIS0_IiSaIiEESaIS2_EESaIS4_EE13_M_deallocateEPS4_m
FNDA:11150,_ZNSt12_Vector_baseISt6vectorIiSaIiEESaIS2_EE13_M_deallocateEPS2_m
FNDA:5154,_ZNSt12_Vector_baseISt6vectorIiSaIiEESaIS2_EE17_M_create_storageEm
FNDA:39392,_ZNSt12_Vector_baseIiSaIiEE17_M_create_storageEm
FNDA:1974,_ZNSt6vectorIS_IiSaIiEESaIS1_EEC2Ev
FNDA:40,_ZNSt6vectorIS_IS_IiSaIiEESaIS1_EESaIS3_EEC2Ev
FNDA:18,_ZNSt6vectorIS_IS_IiSaIiEESaIS1_EESaIS3_EEC2ERKS4_
FNDA:5154,_ZNSt6vectorIS_IiSaIiEESaIS1_EEC2ERKS3_
FNDA:39392,_ZNSt6vectorIiSaIiEEC2ERKS1_
FNDA:6013,_ZNSt6vectorIiSaIiEEC2EOS1_
FNDA:113,_ZNSt6vectorIS_IiSaIiEESaIS1_EEC2EOS3_
FNDA:162,_ZNSt6vectorIS_IiSaIiEESaIS1_EEC2ESt16initializer_listIS1_ERKS2_
FNDA:23696,_ZNSt6vectorIiSaIiEEC2ESt16initializer_listIiERKS0_
FNDA:69189,_ZNSt6vectorIiSaIiEED2Ev
FNDA:58,_ZNSt6vectorIS_IS_IiSaIiEESaIS1_EESaIS3_EED2Ev
FNDA:8386,_ZNSt6vectorIS_IiSaIiEESaIS1_EED2Ev
FNDA:18,_ZNSt6vectorIS_IS_IiSaIiEESaIS1_EESaIS3_EEaSEOS5_
FNDA:76,_ZNSt6vectorIiSaIiEE5beginEv
FNDA:150,_ZNSt6vectorIS_IS_IiSaIiEESaIS1_EESaIS3_EE5beginEv
FNDA:7033,_ZNSt6vectorIS_IiSaIiEESaIS1_EE5beginEv
FNDA:69135,_ZNKSt6vectorIiSaIiEE5beginEv
FNDA:5734,_ZNKSt6vectorIS_IiSaIiEESaIS1_EE5beginEv
FNDA:76,_ZNSt6vectorIiSaIiEE3endEv
FNDA:150,_ZNSt6vectorIS_IS_IiSaIiEESaIS1_EESaIS3_EE3endEv
FNDA:6358,_ZNSt6vectorIS_IiSaIiEESaIS1_EE3endEv
FNDA:54450,_ZNKSt6vectorIiSaIiEE3endEv
FNDA:5726,_ZNKSt6vectorIS_IiSaIiEESaIS1_EE3endEv
FNDA:378,_ZNKSt6vectorIS_IS_IiSaIiEESaIS1_EESaIS3_EE4sizeEv
FNDA:118689,_ZNKSt6vectorIiSaIiEE4sizeEv
FNDA:61796,_ZNKSt6vectorIS_IiSaIiEESaIS1_EE4sizeEv
FNDA:5528,_ZNKSt6vectorIS_IiSaIiEESaIS1_EE8max_sizeEv
FNDA:178,_ZNKSt6vectorIS_IS_IiSaIiEESaIS1_EESaIS3_EE8max_sizeEv
FNDA:48,_ZNKSt6vectorIiSaIiEE8capacityEv
FNDA:6,_ZNKSt6vectorIS_IiSaIiEESaIS1_EE8capacityEv
FNDA:5,_ZNKSt6vectorIiSaIiEE5emptyEv
FNDA:109,_ZNKSt6vectorIS_IiSaIiEESaIS1_EE5emptyEv
FNDA:28,_ZNSt6vectorIS_IS_IiSaIiEESaIS1_EESaIS3_EEixEm
FNDA:104848,_ZNKSt6vectorIiSaIiEEixEm
FNDA:52536,_ZNKSt6vectorIS_IiSaIiEESaIS1_EEixEm
FNDA:948,_ZNSt6vectorIS_IiSaIiEESaIS1_EE9push_backERKS1_
FNDA:110,_ZNSt6vectorIS_IS_IiSaIiEESaIS1_EESaIS3_EE9push_backERKS3_
FNDA:0,_ZNSt6vectorIiSaIiEE5clearEv
FNDA:0,_ZNSt6vectorIS_IiSaIiEESaIS1_EE5clearEv
FNDA:0,_ZNSt6vectorIiSaIiEE20_M_allocate_and_copyIN9__gnu_cxx17__normal_iteratorIPKiS1_EEEEPimT_S9_
FNDA:0,_ZNSt6vectorIS_IiSaIiEESaIS1_EE20_M_allocate_and_copyIN9__gnu_cxx17__normal_iteratorIPKS1_S3_EEEEPS1_mT_SB_
FNDA:162,_ZNSt6vectorIS_IiSaIiEESaIS1_EE19_M_range_initializeIPKS1_EEvT_S7_St20forward_iterator_tag
FNDA:23696,_ZNSt6vectorIiSaIiEE19_M_range_initializeIPKiEEvT_S5_St20forward_iterator_tag
FNDA:2764,_ZNKSt6vectorIS_IiSaIiEESaIS1_EE12_M_check_lenEmPKc
FNDA:89,_ZNKSt6vectorIS_IS_IiSaIiEESaIS1_EESaIS3_EE12_M_check_lenEmPKc
FNDA:0,_ZNSt6vectorIiSaIiEE15_M_erase_at_endEPi
FNDA:0,_ZNSt6vectorIS_IiSaIiEESaIS1_EE15_M_erase_at_endEPS1_
FNDA:18,_ZNSt6vectorIS_IS_IiSaIiEESaIS1_EESaIS3_EE14_M_move_assignEOS5_St17integral_constantIbLb1EE
FNDA:14685,_ZSteqIiSaIiEEbRKSt6vectorIT_T0_ES6_
FNF:89
FNH:83
DA:81,77633
DA:88,2014
DA:89,2014
DA:90,2014
DA:92,69485
DA:93,69485
DA:94,69485
DA:97,6126
DA:98,6126
DA:99,6126
DA:100,6126
DA:103,8288
DA:105,8288
DA:106,8288
DA:107,8288
DA:108,8288
DA:115,164046
DA:116,164046
DA:119,51389
DA:120,51389
DA:123,18
DA:124,18
DA:126,2014
DA:127,2014
DA:129,24939
DA:130,24939
DA:136,44546
DA:137,44546
DA:138,44546
DA:144,6126
DA:145,6126
DA:146,6126
DA:161,77633
DA:162,155266
DA:163,155266
DA:169,71285
DA:172,71285
DA:176,80514
DA:179,80514
DA:180,71284
DA:181,80514
DA:185,44546
DA:187,44546
DA:188,44546
DA:189,44546
DA:190,44546
DA:259,2014
DA:263,2014
DA:270,18
DA:271,18
DA:326,44546
DA:328,44546
DA:330,44546
DA:331,44546
DA:333,44546
DA:334,44546
DA:344,6126
DA:345,6126
DA:383,23858
DA:385,23858
DA:387,23858
DA:389,23858
DA:433,77633
DA:434,77633
DA:435,155266
DA:461,18
DA:463,18
DA:466,18
DA:467,18
DA:563,7259
DA:564,7259
DA:572,74869
DA:573,74869
DA:581,6584
DA:582,6584
DA:590,60176
DA:591,60176
DA:670,180863
DA:671,180863
DA:675,5706
DA:676,5706
DA:750,54
DA:751,54
DA:752,54
DA:759,114
DA:760,114
DA:795,28
DA:798,28
DA:813,157384
DA:816,157384
DA:939,1058
DA:941,1058
DA:943,350
DA:945,350
DA:948,708
DA:949,1058
DA:1247,0
DA:1248,0
DA:1257,0
DA:1260,0
DA:1263,0
DA:1264,0
DA:1265,0
DA:1267,0
DA:1269,0
DA:1270,0
DA:1324,23858
DA:1327,23858
DA:1328,23858
DA:1329,23858
DA:1330,23858
DA:1331,23858
DA:1333,23858
DA:1334,23858
DA:1502,2853
DA:1504,2853
DA:1505,0
DA:1507,2853
DA:1508,2853
DA:1516,0
DA:1518,0
DA:1519,0
DA:1520,0
DA:1534,18
DA:1536,36
DA:1537,18
DA:1538,18
DA:1539,18
DA:1540,18
DA:1601,14685
DA:1602,14685
DA:1603,14685
LF:132
LH:117
end_of_record
SF:/usr/include/c++/7/bits/vector.tcc
FN:179,_ZNSt6vectorIS_IiSaIiEESaIS1_EEaSERKS3_
FN:179,_ZNSt6vectorIiSaIiEEaSERKS1_
FN:394,_ZNSt6vectorIS_IS_IiSaIiEESaIS1_EESaIS3_EE17_M_realloc_insertIJRKS3_EEEvN9__gnu_cxx17__normal_iteratorIPS3_S5_EEDpOT_
FN:394,_ZNSt6vectorIS_IiSaIiEESaIS1_EE17_M_realloc_insertIJRKS1_EEEvN9__gnu_cxx17__normal_iteratorIPS1_S3_EEDpOT_
FNDA:48,_ZNSt6vectorIiSaIiEEaSERKS1_
FNDA:6,_ZNSt6vectorIS_IiSaIiEESaIS1_EEaSERKS3_
FNDA:619,_ZNSt6vectorIS_IiSaIiEESaIS1_EE17_M_realloc_insertIJRKS1_EEEvN9__gnu_cxx17__normal_iteratorIPS1_S3_EEDpOT_
FNDA:89,_ZNSt6vectorIS_IS_IiSaIiEESaIS1_EESaIS3_EE17_M_realloc_insertIJRKS3_EEEvN9__gnu_cxx17__normal_iteratorIPS3_S5_EEDpOT_
FNF:4
FNH:4
DA:179,54
DA:182,54
DA:185,54
DA:187,0
DA:188,0
DA:191,0
DA:192,0
DA:193,0
DA:194,0
DA:195,0
DA:196,0
DA:197,0
DA:199,0
DA:203,54
DA:204,54
DA:206,0
DA:208,0
DA:209,0
DA:210,0
DA:211,0
DA:212,0
DA:213,0
DA:214,0
DA:216,54
DA:218,54
DA:219,54
DA:223,0
DA:225,0
DA:226,0
DA:228,0
DA:230,54
DA:232,54
DA:394,708
DA:403,708
DA:405,708
DA:406,708
DA:407,708
DA:415,1416
DA:416,708
DA:422,708
DA:424,708
DA:426,708
DA:427,708
DA:429,708
DA:431,708
DA:433,708
DA:434,708
DA:436,0
DA:438,0
DA:439,0
DA:440,0
DA:442,0
DA:443,0
DA:444,0
DA:446,708
DA:447,708
DA:448,1416
DA:449,708
DA:450,708
DA:451,708
DA:452,708
DA:453,708
DA:454,708
LF:63
LH:34
end_of_record
SF:/usr/include/c++/7/ext/alloc_traits.h
FN:94,_ZN9__gnu_cxx14__alloc_traitsISaISt6vectorIiSaIiEEEE17_S_select_on_copyERKS4_
FN:94,_ZN9__gnu_cxx14__alloc_traitsISaIiEE17_S_select_on_copyERKS1_
FN:100,_ZN9__gnu_cxx14__alloc_traitsISaIiEE27_S_propagate_on_copy_assignEv
FN:100,_ZN9__gnu_cxx14__alloc_traitsISaISt6vectorIiSaIiEEEE27_S_propagate_on_copy_assignEv
FN:109,_ZN9__gnu_cxx14__alloc_traitsISaISt6vectorIiSaIiEEEE15_S_always_equalEv
FN:109,_ZN9__gnu_cxx14__alloc_traitsISaIiEE15_S_always_equalEv
FNDA:5154,_ZN9__gnu_cxx14__alloc_traitsISaISt6vectorIiSaIiEEEE17_S_select_on_copyERKS4_
FNDA:39392,_ZN9__gnu_cxx14__alloc_traitsISaIiEE17_S_select_on_copyERKS1_
FNDA:48,_ZN9__gnu_cxx14__alloc_traitsISaIiEE27_S_propagate_on_copy_assignEv
FNDA:6,_ZN9__gnu_cxx14__alloc_traitsISaISt6vectorIiSaIiEEEE27_S_propagate_on_copy_assignEv
FNDA:0,_ZN9__gnu_cxx14__alloc_traitsISaIiEE15_S_always_equalEv
FNDA:0,_ZN9__gnu_cxx14__alloc_traitsISaISt6vectorIiSaIiEEEE15_S_always_equalEv
FNF:6
FNH:4
DA:94,44546
DA:95,44546
DA:100,54
DA:101,54
DA:109,0
DA:110,0
LF:6
LH:4
end_of_record
SF:/usr/include/c++/7/ext/new_allocator.h
FN:79,_ZN9__gnu_cxx13new_allocatorISt6vectorIiSaIiEEEC2Ev
FN:79,_ZN9__gnu_cxx13new_allocatorIiEC2Ev
FN:79,_ZN9__gnu_cxx13new_allocatorISt6vectorIS1_IiSaIiEESaIS3_EEEC2Ev
FN:81,_ZN9__gnu_cxx13new_allocatorIiEC2ERKS1_
FN:81,_ZN9__gnu_cxx13new_allocatorISt6vectorIS1_IiSaIiEESaIS3_EEEC2ERKS6_
FN:81,_ZN9__gnu_cxx13new_allocatorISt6vectorIiSaIiEEEC2ERKS4_
FN:86,_ZN9__gnu_cxx13new_allocatorISt6vectorIiSaIiEEED2Ev
FN:86,_ZN9__gnu_cxx13new_allocatorIiED2Ev
FN:86,_ZN9__gnu_cxx13new_allocatorISt6vectorIS1_IiSaIiEESaIS3_EEED2Ev
FN:99,_ZN9__gnu_cxx13new_allocatorIiE8allocateEmPKv
FN:99,_ZN9__gnu_cxx13new_allocatorISt6vectorIiSaIiEEE8allocateEmPKv
FN:99,_ZN9__gnu_cxx13new_allocatorISt6vectorIS1_IiSaIiEESaIS3_EEE8allocateEmPKv
FN:116,_ZN9__gnu_cxx13new_allocatorISt6vectorIiSaIiEEE10deallocateEPS3_m
FN:116,_ZN9__gnu_cxx13new_allocatorISt6vectorIS1_IiSaIiEESaIS3_EEE10deallocateEPS5_m
FN:116,_ZN9__gnu_cxx13new_allocatorIiE10deallocateEPim
FN:129,_ZNK9__gnu_cxx13new_allocatorIiE8max_sizeEv
FN:129,_ZNK9__gnu_cxx13new_allocatorISt6vectorIS1_IiSaIiEESaIS3_EEE8max_sizeEv
FN:129,_ZNK9__gnu_cxx13new_allocatorISt6vectorIiSaIiEEE8max_sizeEv
FN:135,_ZN9__gnu_cxx13new_allocatorISt6vectorIiSaIiEEE9constructIS3_JRKS3_EEEvPT_DpOT0_
FN:135,_ZN9__gnu_cxx13new_allocatorISt6vectorIS1_IiSaIiEESaIS3_EEE9constructIS5_JRKS5_EEEvPT_DpOT0_
FN:140,_ZN9__gnu_cxx13new_allocatorISt6vectorIiSaIiEEE7destroyIS3_EEvPT_
FN:140,_ZN9__gnu_cxx13new_allocatorISt6vectorIS1_IiSaIiEESaIS3_EEE7destroyIS5_EEvPT_
FNDA:40,_ZN9__gnu_cxx13new_allocatorISt6vectorIS1_IiSaIiEESaIS3_EEEC2Ev
FNDA:2136,_ZN9__gnu_cxx13new_allocatorISt6vectorIiSaIiEEEC2Ev
FNDA:23704,_ZN9__gnu_cxx13new_allocatorIiEC2Ev
FNDA:36,_ZN9__gnu_cxx13new_allocatorISt6vectorIS1_IiSaIiEESaIS3_EEEC2ERKS6_
FNDA:12549,_ZN9__gnu_cxx13new_allocatorISt6vectorIiSaIiEEEC2ERKS4_
FNDA:108653,_ZN9__gnu_cxx13new_allocatorIiEC2ERKS1_
FNDA:76,_ZN9__gnu_cxx13new_allocatorISt6vectorIS1_IiSaIiEESaIS3_EEED2Ev
FNDA:14685,_ZN9__gnu_cxx13new_allocatorISt6vectorIiSaIiEEED2Ev
FNDA:132357,_ZN9__gnu_cxx13new_allocatorIiED2Ev
FNDA:8080,_ZN9__gnu_cxx13new_allocatorISt6vectorIiSaIiEEE8allocateEmPKv
FNDA:89,_ZN9__gnu_cxx13new_allocatorISt6vectorIS1_IiSaIiEESaIS3_EEE8allocateEmPKv
FNDA:63115,_ZN9__gnu_cxx13new_allocatorIiE8allocateEmPKv
FNDA:63115,_ZN9__gnu_cxx13new_allocatorIiE10deallocateEPim
FNDA:89,_ZN9__gnu_cxx13new_allocatorISt6vectorIS1_IiSaIiEESaIS3_EEE10deallocateEPS5_m
FNDA:8080,_ZN9__gnu_cxx13new_allocatorISt6vectorIiSaIiEEE10deallocateEPS3_m
FNDA:13608,_ZNK9__gnu_cxx13new_allocatorISt6vectorIiSaIiEEE8max_sizeEv
FNDA:267,_ZNK9__gnu_cxx13new_allocatorISt6vectorIS1_IiSaIiEESaIS3_EEE8max_sizeEv
FNDA:63171,_ZNK9__gnu_cxx13new_allocatorIiE8max_sizeEv
FNDA:948,_ZN9__gnu_cxx13new_allocatorISt6vectorIiSaIiEEE9constructIS3_JRKS3_EEEvPT_DpOT0_
FNDA:110,_ZN9__gnu_cxx13new_allocatorISt6vectorIS1_IiSaIiEESaIS3_EEE9constructIS5_JRKS5_EEEvPT_DpOT0_
FNDA:0,_ZN9__gnu_cxx13new_allocatorISt6vectorIiSaIiEEE7destroyIS3_EEvPT_
FNDA:0,_ZN9__gnu_cxx13new_allocatorISt6vectorIS1_IiSaIiEESaIS3_EEE7destroyIS5_EEvPT_
FNF:22
FNH:20
DA:79,25880
DA:81,121238
DA:86,147118
DA:99,71284
DA:101,71284
DA:102,0
DA:111,71284
DA:116,71284
DA:125,71284
DA:126,71284
DA:129,77046
DA:130,77046
DA:135,1058
DA:136,1058
DA:140,0
LF:15
LH:13
end_of_record
SF:/usr/include/c++/7/initializer_list
FN:71,_ZNKSt16initializer_listIiE4sizeEv
FN:71,_ZNKSt16initializer_listISt6vectorIiSaIiEEE4sizeEv
FN:75,_ZNKSt16initializer_listISt6vectorIiSaIiEEE5beginEv
FN:75,_ZNKSt16initializer_listIiE5beginEv
FN:79,_ZNKSt16initializer_listISt6vectorIiSaIiEEE3endEv
FN:79,_ZNKSt16initializer_listIiE3endEv
FNDA:162,_ZNKSt16initializer_listISt6vectorIiSaIiEEE4sizeEv
FNDA:23696,_ZNKSt16initializer_listIiE4sizeEv
FNDA:324,_ZNKSt16initializer_listISt6vectorIiSaIiEEE5beginEv
FNDA:47392,_ZNKSt16initializer_listIiE5beginEv
FNDA:162,_ZNKSt16initializer_listISt6vectorIiSaIiEEE3endEv
FNDA:23696,_ZNKSt16initializer_listIiE3endEv
FNF:6
FNH:6
DA:71,23858
DA:75,47716
DA:79,23858
LF:3
LH:3
end_of_record
SF:/usr/include/c++/7/iostream
DA:74,1
LF:1
LH:1
end_of_record
SF:/usr/include/c++/7/new
FN:168,_ZnwmPv
FN:174,_ZdlPvS_
FNDA:43131,_ZnwmPv
FNDA:0,_ZdlPvS_
FNF:2
FNH:1
DA:168,43131
DA:169,43131
DA:174,0
LF:3
LH:2
end_of_record
TN:
SF:/home/msaied/Documents/TPI-morfologia-matematica/lib/googletest-master/googletest/include/gtest/gtest-message.h
FN:85,_ZN7testing7MessageD2Ev
FNDA:0,_ZN7testing7MessageD2Ev
FNF:1
FNH:0
DA:85,0
LF:1
LH:0
end_of_record
SF:/home/msaied/Documents/TPI-morfologia-matematica/lib/googletest-master/googletest/include/gtest/gtest-printers.h
FN:258,_ZN16testing_internal26DefaultPrintNonContainerToIiEEvRKT_PSo
FN:311,_ZN7testing8internal19FormatForComparisonIiiE6FormatB5cxx11ERKi
FN:311,_ZN7testing8internal19FormatForComparisonISt6vectorIS2_IiSaIiEESaIS4_EES6_E6FormatB5cxx11ERKS6_
FN:385,_ZN7testing8internal33FormatForComparisonFailureMessageIiiEENSt7__cxx1112basic_stringIcSt11char_traitsIcESaIcEEERKT_RKT0_
FN:385,_ZN7testing8internal33FormatForComparisonFailureMessageISt6vectorIS2_IiSaIiEESaIS4_EES6_EENSt7__cxx1112basic_stringIcSt11char_traitsIcESaIcEEERKT_RKT0_
FN:414,_ZN7testing8internal14DefaultPrintToISt6vectorIS2_IiSaIiEESaIS4_EEEEvNS0_15WrapPrinterTypeILNS0_18DefaultPrinterTypeE0EEERKT_PSo
FN:414,_ZN7testing8internal14DefaultPrintToISt6vectorIiSaIiEEEEvNS0_15WrapPrinterTypeILNS0_18DefaultPrinterTypeE0EEERKT_PSo
FN:474,_ZN7testing8internal14DefaultPrintToIiEEvNS0_15WrapPrinterTypeILNS0_18DefaultPrinterTypeE3EEERKT_PSo
FN:491,_ZN7testing8internal7PrintToISt6vectorIiSaIiEEEEvRKT_PSo
FN:491,_ZN7testing8internal7PrintToISt6vectorIS2_IiSaIiEESaIS4_EEEEvRKT_PSo
FN:491,_ZN7testing8internal7PrintToIiEEvRKT_PSo
FN:753,_ZN7testing8internal16UniversalPrinterISt6vectorIS2_IiSaIiEESaIS4_EEE5PrintERKS6_PSo
FN:753,_ZN7testing8internal16UniversalPrinterISt6vectorIiSaIiEEE5PrintERKS4_PSo
FN:753,_ZN7testing8internal16UniversalPrinterIiE5PrintERKiPSo
FN:858,_ZN7testing8internal21UniversalTersePrinterISt6vectorIS2_IiSaIiEESaIS4_EEE5PrintERKS6_PSo
FN:858,_ZN7testing8internal21UniversalTersePrinterIiE5PrintERKiPSo
FN:927,_ZN7testing8internal14UniversalPrintISt6vectorIiSaIiEEEEvRKT_PSo
FN:927,_ZN7testing8internal14UniversalPrintIiEEvRKT_PSo
FN:927,_ZN7testing8internal14UniversalPrintISt6vectorIS2_IiSaIiEESaIS4_EEEEvRKT_PSo
FN:1065,_ZN7testing13PrintToStringIiEENSt7__cxx1112basic_stringIcSt11char_traitsIcESaIcEEERKT_
FN:1065,_ZN7testing13PrintToStringISt6vectorIS1_IiSaIiEESaIS3_EEEENSt7__cxx1112basic_stringIcSt11char_traitsIcESaIcEEERKT_
FNDA:0,_ZN16testing_internal26DefaultPrintNonContainerToIiEEvRKT_PSo
FNDA:0,_ZN7testing8internal19FormatForComparisonIiiE6FormatB5cxx11ERKi
FNDA:0,_ZN7testing8internal19FormatForComparisonISt6vectorIS2_IiSaIiEESaIS4_EES6_E6FormatB5cxx11ERKS6_
FNDA:0,_ZN7testing8internal33FormatForComparisonFailureMessageIiiEENSt7__cxx1112basic_stringIcSt11char_traitsIcESaIcEEERKT_RKT0_
FNDA:0,_ZN7testing8internal33FormatForComparisonFailureMessageISt6vectorIS2_IiSaIiEESaIS4_EES6_EENSt7__cxx1112basic_stringIcSt11char_traitsIcESaIcEEERKT_RKT0_
FNDA:0,_ZN7testing8internal14DefaultPrintToISt6vectorIiSaIiEEEEvNS0_15WrapPrinterTypeILNS0_18DefaultPrinterTypeE0EEERKT_PSo
FNDA:0,_ZN7testing8internal14DefaultPrintToISt6vectorIS2_IiSaIiEESaIS4_EEEEvNS0_15WrapPrinterTypeILNS0_18DefaultPrinterTypeE0EEERKT_PSo
FNDA:0,_ZN7testing8internal14DefaultPrintToIiEEvNS0_15WrapPrinterTypeILNS0_18DefaultPrinterTypeE3EEERKT_PSo
FNDA:0,_ZN7testing8internal7PrintToISt6vectorIiSaIiEEEEvRKT_PSo
FNDA:0,_ZN7testing8internal7PrintToIiEEvRKT_PSo
FNDA:0,_ZN7testing8internal7PrintToISt6vectorIS2_IiSaIiEESaIS4_EEEEvRKT_PSo
FNDA:0,_ZN7testing8internal16UniversalPrinterISt6vectorIiSaIiEEE5PrintERKS4_PSo
FNDA:0,_ZN7testing8internal16UniversalPrinterIiE5PrintERKiPSo
FNDA:0,_ZN7testing8internal16UniversalPrinterISt6vectorIS2_IiSaIiEESaIS4_EEE5PrintERKS6_PSo
FNDA:0,_ZN7testing8internal21UniversalTersePrinterIiE5PrintERKiPSo
FNDA:0,_ZN7testing8internal21UniversalTersePrinterISt6vectorIS2_IiSaIiEESaIS4_EEE5PrintERKS6_PSo
FNDA:0,_ZN7testing8internal14UniversalPrintISt6vectorIiSaIiEEEEvRKT_PSo
FNDA:0,_ZN7testing8internal14UniversalPrintIiEEvRKT_PSo
FNDA:0,_ZN7testing8internal14UniversalPrintISt6vectorIS2_IiSaIiEESaIS4_EEEEvRKT_PSo
FNDA:0,_ZN7testing13PrintToStringIiEENSt7__cxx1112basic_stringIcSt11char_traitsIcESaIcEEERKT_
FNDA:0,_ZN7testing13PrintToStringISt6vectorIS1_IiSaIiEESaIS3_EEEENSt7__cxx1112basic_stringIcSt11char_traitsIcESaIcEEERKT_
FNF:21
FNH:0
DA:258,0
DA:285,0
DA:286,0
DA:311,0
DA:312,0
DA:385,0
DA:387,0
DA:414,0
DA:416,0
DA:417,0
DA:418,0
DA:419,0
DA:420,0
DA:421,0
DA:422,0
DA:423,0
DA:424,0
DA:425,0
DA:428,0
DA:431,0
DA:434,0
DA:435,0
DA:437,0
DA:438,0
DA:474,0
DA:476,0
DA:477,0
DA:491,0
DA:511,0
DA:526,0
DA:753,0
DA:762,0
DA:763,0
DA:858,0
DA:859,0
DA:860,0
DA:927,0
DA:931,0
DA:932,0
DA:1065,0
DA:1066,0
DA:1067,0
DA:1068,0
LF:43
LH:0
end_of_record
SF:/home/msaied/Documents/TPI-morfologia-matematica/lib/googletest-master/googletest/include/gtest/gtest.h
FN:268,_ZN7testing15AssertionResultD2Ev
FN:304,_ZNK7testing15AssertionResultcvbEv
FN:313,_ZNK7testing15AssertionResult7messageEv
FN:318,_ZNK7testing15AssertionResult15failure_messageEv
FN:414,_ZN7testing4Test13SetUpTestCaseEv
FN:422,_ZN7testing4Test16TearDownTestCaseEv
FN:499,_ZN7testing4Test5SetupEv
FN:1414,_ZN7testing8internal18CmpHelperEQFailureISt6vectorIS2_IiSaIiEESaIS4_EES6_EENS_15AssertionResultEPKcS9_RKT_RKT0_
FN:1414,_ZN7testing8internal18CmpHelperEQFailureIiiEENS_15AssertionResultEPKcS4_RKT_RKT0_
FN:1426,_ZN7testing8internal11CmpHelperEQISt6vectorIS2_IiSaIiEESaIS4_EES6_EENS_15AssertionResultEPKcS9_RKT_RKT0_
FN:1426,_ZN7testing8internal11CmpHelperEQIiiEENS_15AssertionResultEPKcS4_RKT_RKT0_
FN:1454,_ZN7testing8internal8EqHelperILb0EE7CompareISt6vectorIS4_IiSaIiEESaIS6_EES8_EENS_15AssertionResultEPKcSB_RKT_RKT0_
FN:1454,_ZN7testing8internal8EqHelperILb0EE7CompareIiiEENS_15AssertionResultEPKcS6_RKT_RKT0_
FNDA:0,_ZN7testing15AssertionResultD2Ev
FNDA:0,_ZNK7testing15AssertionResultcvbEv
FNDA:0,_ZNK7testing15AssertionResult7messageEv
FNDA:0,_ZNK7testing15AssertionResult15failure_messageEv
FNDA:0,_ZN7testing4Test13SetUpTestCaseEv
FNDA:0,_ZN7testing4Test16TearDownTestCaseEv
FNDA:0,_ZN7testing4Test5SetupEv
FNDA:0,_ZN7testing8internal18CmpHelperEQFailureIiiEENS_15AssertionResultEPKcS4_RKT_RKT0_
FNDA:0,_ZN7testing8internal18CmpHelperEQFailureISt6vectorIS2_IiSaIiEESaIS4_EES6_EENS_15AssertionResultEPKcS9_RKT_RKT0_
FNDA:12,_ZN7testing8internal11CmpHelperEQIiiEENS_15AssertionResultEPKcS4_RKT_RKT0_
FNDA:0,_ZN7testing8internal11CmpHelperEQISt6vectorIS2_IiSaIiEESaIS4_EES6_EENS_15AssertionResultEPKcS9_RKT_RKT0_
FNDA:12,_ZN7testing8internal8EqHelperILb0EE7CompareIiiEENS_15AssertionResultEPKcS6_RKT_RKT0_
FNDA:0,_ZN7testing8internal8EqHelperILb0EE7CompareISt6vectorIS4_IiSaIiEESaIS6_EES8_EENS_15AssertionResultEPKcSB_RKT_RKT0_
FNF:13
FNH:2
DA:268,0
DA:304,0
DA:313,0
DA:314,0
DA:318,0
DA:414,0
DA:422,0
DA:499,0
DA:1414,0
DA:1421,0
DA:1426,12
DA:1430,12
DA:1431,12
DA:1434,0
DA:1454,12
DA:1458,12
LF:16
LH:5
end_of_record
SF:/home/msaied/Documents/TPI-morfologia-matematica/lib/googletest-master/googletest/include/gtest/internal/gtest-internal.h
FN:448,_ZN7testing8internal15TestFactoryBaseD2Ev
FN:448,_ZN7testing8internal15TestFactoryBaseD0Ev
FN:455,_ZN7testing8internal15TestFactoryBaseC2Ev
FN:464,_ZN7testing8internal15TestFactoryImplI63obtenerRegionConectadaTest_imagenEjemploPrueboQIteraciones_TestED2Ev
FN:464,_ZN7testing8internal15TestFactoryImplI74obtenerRegionConectadaTest_imagenActivadaSoloSemillaPueboQIteraciones_TestEC2Ev
FN:464,_ZN7testing8internal15TestFactoryImplI63obtenerRegionConectadaTest_imagenEjemploPrueboQIteraciones_TestED0Ev
FN:464,_ZN7testing8internal15TestFactoryImplI71obtenerRegionConectadaTest_imagenActivadaSoloSemillaPueboMatSalida_TestED0Ev
FN:464,_ZN7testing8internal15TestFactoryImplI71obtenerRegionConectadaTest_imagenActivadaSoloSemillaPueboMatSalida_TestEC2Ev
FN:464,_ZN7testing8internal15TestFactoryImplI74obtenerRegionConectadaTest_imagenActivadaSoloSemillaPueboQIteraciones_TestED2Ev
FN:464,_ZN7testing8internal15TestFactoryImplI54obtenerRegionConectadaTest_imagenEjemploPrueboMat_TestED2Ev
FN:464,_ZN7testing8internal15TestFactoryImplI54obtenerRegionConectadaTest_imagenEjemploPrueboMat_TestEC2Ev
FN:464,_ZN7testing8internal15TestFactoryImplI63obtenerRegionConectadaTest_imagenEjemploPrueboQIteraciones_TestEC2Ev
FN:464,_ZN7testing8internal15TestFactoryImplI71obtenerRegionConectadaTest_imagenActivadaSoloSemillaPueboMatSalida_TestED2Ev
FN:464,_ZN7testing8internal15TestFactoryImplI54obtenerRegionConectadaTest_imagenEjemploPrueboMat_TestED0Ev
FN:464,_ZN7testing8internal15TestFactoryImplI74obtenerRegionConectadaTest_imagenActivadaSoloSemillaPueboQIteraciones_TestED0Ev
FN:466,_ZN7testing8internal15TestFactoryImplI74obtenerRegionConectadaTest_imagenActivadaSoloSemillaPueboQIteraciones_TestE10CreateTestEv
FN:466,_ZN7testing8internal15TestFactoryImplI71obtenerRegionConectadaTest_imagenActivadaSoloSemillaPueboMatSalida_TestE10CreateTestEv
FN:466,_ZN7testing8internal15TestFactoryImplI63obtenerRegionConectadaTest_imagenEjemploPrueboQIteraciones_TestE10CreateTestEv
FN:466,_ZN7testing8internal15TestFactoryImplI54obtenerRegionConectadaTest_imagenEjemploPrueboMat_TestE10CreateTestEv
FN:486,_ZN7testing8internal12CodeLocationD2Ev
FN:487,_ZN7testing8internal12CodeLocationC2ERKNSt7__cxx1112basic_stringIcSt11char_traitsIcESaIcEEEi
FNDA:0,_ZN7testing8internal15TestFactoryBaseD0Ev
FNDA:0,_ZN7testing8internal15TestFactoryBaseD2Ev
FNDA:0,_ZN7testing8internal15TestFactoryBaseC2Ev
FNDA:6,_ZN7testing8internal15TestFactoryImplI71obtenerRegionConectadaTest_imagenActivadaSoloSemillaPueboMatSalida_TestED0Ev
FNDA:6,_ZN7testing8internal15TestFactoryImplI71obtenerRegionConectadaTest_imagenActivadaSoloSemillaPueboMatSalida_TestED2Ev
FNDA:6,_ZN7testing8internal15TestFactoryImplI74obtenerRegionConectadaTest_imagenActivadaSoloSemillaPueboQIteraciones_TestED0Ev
FNDA:6,_ZN7testing8internal15TestFactoryImplI74obtenerRegionConectadaTest_imagenActivadaSoloSemillaPueboQIteraciones_TestED2Ev
FNDA:6,_ZN7testing8internal15TestFactoryImplI54obtenerRegionConectadaTest_imagenEjemploPrueboMat_TestED0Ev
FNDA:6,_ZN7testing8internal15TestFactoryImplI54obtenerRegionConectadaTest_imagenEjemploPrueboMat_TestED2Ev
FNDA:6,_ZN7testing8internal15TestFactoryImplI63obtenerRegionConectadaTest_imagenEjemploPrueboQIteraciones_TestED0Ev
FNDA:6,_ZN7testing8internal15TestFactoryImplI63obtenerRegionConectadaTest_imagenEjemploPrueboQIteraciones_TestED2Ev
FNDA:6,_ZN7testing8internal15TestFactoryImplI63obtenerRegionConectadaTest_imagenEjemploPrueboQIteraciones_TestEC2Ev
FNDA:6,_ZN7testing8internal15TestFactoryImplI54obtenerRegionConectadaTest_imagenEjemploPrueboMat_TestEC2Ev
FNDA:6,_ZN7testing8internal15TestFactoryImplI74obtenerRegionConectadaTest_imagenActivadaSoloSemillaPueboQIteraciones_TestEC2Ev
FNDA:6,_ZN7testing8internal15TestFactoryImplI71obtenerRegionConectadaTest_imagenActivadaSoloSemillaPueboMatSalida_TestEC2Ev
FNDA:6,_ZN7testing8internal15TestFactoryImplI71obtenerRegionConectadaTest_imagenActivadaSoloSemillaPueboMatSalida_TestE10CreateTestEv
FNDA:6,_ZN7testing8internal15TestFactoryImplI74obtenerRegionConectadaTest_imagenActivadaSoloSemillaPueboQIteraciones_TestE10CreateTestEv
FNDA:6,_ZN7testing8internal15TestFactoryImplI54obtenerRegionConectadaTest_imagenEjemploPrueboMat_TestE10CreateTestEv
FNDA:6,_ZN7testing8internal15TestFactoryImplI63obtenerRegionConectadaTest_imagenEjemploPrueboQIteraciones_TestE10CreateTestEv
FNDA:0,_ZN7testing8internal12CodeLocationD2Ev
FNDA:0,_ZN7testing8internal12CodeLocationC2ERKNSt7__cxx1112basic_stringIcSt11char_traitsIcESaIcEEEi
FNF:21
FNH:16
DA:448,0
DA:455,0
DA:464,72
DA:466,24
DA:486,0
DA:487,0
DA:488,0
LF:7
LH:2
end_of_record
SF:/home/msaied/Documents/TPI-morfologia-matematica/lib/googletest-master/googletest/include/gtest/internal/gtest-port.h
FN:1185,_ZN7testing8internal10scoped_ptrINSt7__cxx1118basic_stringstreamIcSt11char_traitsIcESaIcEEEED2Ev
FN:1185,_ZN7testing8internal10scoped_ptrINSt7__cxx1112basic_stringIcSt11char_traitsIcESaIcEEEED2Ev
FN:1188,_ZNK7testing8internal10scoped_ptrINSt7__cxx1112basic_stringIcSt11char_traitsIcESaIcEEEEptEv
FN:1189,_ZNK7testing8internal10scoped_ptrINSt7__cxx1112basic_stringIcSt11char_traitsIcESaIcEEEE3getEv
FN:1197,_ZN7testing8internal10scoped_ptrINSt7__cxx1112basic_stringIcSt11char_traitsIcESaIcEEEE5resetEPS7_
FN:1197,_ZN7testing8internal10scoped_ptrINSt7__cxx1118basic_stringstreamIcSt11char_traitsIcESaIcEEEE5resetEPS7_
FNDA:0,_ZN7testing8internal10scoped_ptrINSt7__cxx1112basic_stringIcSt11char_traitsIcESaIcEEEED2Ev
FNDA:0,_ZN7testing8internal10scoped_ptrINSt7__cxx1118basic_stringstreamIcSt11char_traitsIcESaIcEEEED2Ev
FNDA:0,_ZNK7testing8internal10scoped_ptrINSt7__cxx1112basic_stringIcSt11char_traitsIcESaIcEEEEptEv
FNDA:0,_ZNK7testing8internal10scoped_ptrINSt7__cxx1112basic_stringIcSt11char_traitsIcESaIcEEEE3getEv
FNDA:0,_ZN7testing8internal10scoped_ptrINSt7__cxx1118basic_stringstreamIcSt11char_traitsIcESaIcEEEE5resetEPS7_
FNDA:0,_ZN7testing8internal10scoped_ptrINSt7__cxx1112basic_stringIcSt11char_traitsIcESaIcEEEE5resetEPS7_
FNF:6
FNH:0
DA:1185,0
DA:1188,0
DA:1189,0
DA:1197,0
DA:1198,0
DA:1199,0
DA:1200,0
DA:1202,0
DA:1204,0
LF:9
LH:0
end_of_record
SF:/home/msaied/Documents/TPI-morfologia-matematica/tests/ej6TEST.cpp
FN:4,_ZN71obtenerRegionConectadaTest_imagenActivadaSoloSemillaPueboMatSalida_Test8TestBodyEv
FN:4,_ZN71obtenerRegionConectadaTest_imagenActivadaSoloSemillaPueboMatSalida_TestD0Ev
FN:4,_ZN71obtenerRegionConectadaTest_imagenActivadaSoloSemillaPueboMatSalida_TestC2Ev
FN:4,_ZN71obtenerRegionConectadaTest_imagenActivadaSoloSemillaPueboMatSalida_TestD2Ev
FN:24,_ZN74obtenerRegionConectadaTest_imagenActivadaSoloSemillaPueboQIteraciones_TestC2Ev
FN:24,_ZN74obtenerRegionConectadaTest_imagenActivadaSoloSemillaPueboQIteraciones_TestD2Ev
FN:24,_ZN74obtenerRegionConectadaTest_imagenActivadaSoloSemillaPueboQIteraciones_TestD0Ev
FN:24,_ZN74obtenerRegionConectadaTest_imagenActivadaSoloSemillaPueboQIteraciones_Test8TestBodyEv
FN:43,_ZN54obtenerRegionConectadaTest_imagenEjemploPrueboMat_TestD2Ev
FN:43,_ZN54obtenerRegionConectadaTest_imagenEjemploPrueboMat_TestD0Ev
FN:43,_ZN54obtenerRegionConectadaTest_imagenEjemploPrueboMat_TestC2Ev
FN:43,_ZN54obtenerRegionConectadaTest_imagenEjemploPrueboMat_Test8TestBodyEv
FN:76,_ZN63obtenerRegionConectadaTest_imagenEjemploPrueboQIteraciones_TestD0Ev
FN:76,_ZN63obtenerRegionConectadaTest_imagenEjemploPrueboQIteraciones_Test8TestBodyEv
FN:76,_ZN63obtenerRegionConectadaTest_imagenEjemploPrueboQIteraciones_TestC2Ev
FN:76,_ZN63obtenerRegionConectadaTest_imagenEjemploPrueboQIteraciones_TestD2Ev
FN:95,_Z41__static_initialization_and_destruction_0ii
FN:95,_GLOBAL__sub_I__ZN71obtenerRegionConectadaTest_imagenActivadaSoloSemillaPueboMatSalida_Test10test_info_E
FNDA:6,_ZN71obtenerRegionConectadaTest_imagenActivadaSoloSemillaPueboMatSalida_TestD0Ev
FNDA:6,_ZN71obtenerRegionConectadaTest_imagenActivadaSoloSemillaPueboMatSalida_TestD2Ev
FNDA:6,_ZN71obtenerRegionConectadaTest_imagenActivadaSoloSemillaPueboMatSalida_Test8TestBodyEv
FNDA:6,_ZN71obtenerRegionConectadaTest_imagenActivadaSoloSemillaPueboMatSalida_TestC2Ev
FNDA:6,_ZN74obtenerRegionConectadaTest_imagenActivadaSoloSemillaPueboQIteraciones_TestD0Ev
FNDA:6,_ZN74obtenerRegionConectadaTest_imagenActivadaSoloSemillaPueboQIteraciones_TestD2Ev
FNDA:6,_ZN74obtenerRegionConectadaTest_imagenActivadaSoloSemillaPueboQIteraciones_Test8TestBodyEv
FNDA:6,_ZN74obtenerRegionConectadaTest_imagenActivadaSoloSemillaPueboQIteraciones_TestC2Ev
FNDA:6,_ZN54obtenerRegionConectadaTest_imagenEjemploPrueboMat_TestD0Ev
FNDA:6,_ZN54obtenerRegionConectadaTest_imagenEjemploPrueboMat_TestD2Ev
FNDA:6,_ZN54obtenerRegionConectadaTest_imagenEjemploPrueboMat_Test8TestBodyEv
FNDA:6,_ZN54obtenerRegionConectadaTest_imagenEjemploPrueboMat_TestC2Ev
FNDA:6,_ZN63obtenerRegionConectadaTest_imagenEjemploPrueboQIteraciones_TestD0Ev
FNDA:6,_ZN63obtenerRegionConectadaTest_imagenEjemploPrueboQIteraciones_TestD2Ev
FNDA:6,_ZN63obtenerRegionConectadaTest_imagenEjemploPrueboQIteraciones_Test8TestBodyEv
FNDA:6,_ZN63obtenerRegionConectadaTest_imagenEjemploPrueboQIteraciones_TestC2Ev
FNDA:6,_GLOBAL__sub_I__ZN71obtenerRegionConectadaTest_imagenActivadaSoloSemillaPueboMatSalida_Test10test_info_E
FNDA:6,_Z41__static_initialization_and_destruction_0ii
FNF:18
FNH:18
DA:4,30
DA:5,6
DA:15,12
DA:16,12
DA:18,6
DA:20,6
DA:22,6
DA:24,30
DA:25,6
DA:35,12
DA:36,12
DA:38,6
DA:40,6
DA:41,6
DA:43,30
DA:44,6
DA:56,12
DA:57,12
DA:69,12
DA:71,6
DA:73,6
DA:74,6
DA:76,30
DA:77,6
DA:89,12
DA:90,12
DA:92,6
DA:94,6
DA:95,24
LF:29
LH:29
end_of_record
SF:/usr/include/c++/7/bits/alloc_traits.h
FN:435,_ZNSt16allocator_traitsISaIiEE8allocateERS0_m
FN:435,_ZNSt16allocator_traitsISaISt6vectorIiSaIiEEEE8allocateERS3_m
FN:461,_ZNSt16allocator_traitsISaIiEE10deallocateERS0_Pim
FN:461,_ZNSt16allocator_traitsISaISt6vectorIiSaIiEEEE10deallocateERS3_PS2_m
FN:504,_ZNSt16allocator_traitsISaIiEE37select_on_container_copy_constructionERKS0_
FNDA:0,_ZNSt16allocator_traitsISaISt6vectorIiSaIiEEEE8allocateERS3_m
FNDA:0,_ZNSt16allocator_traitsISaIiEE8allocateERS0_m
FNDA:0,_ZNSt16allocator_traitsISaISt6vectorIiSaIiEEEE10deallocateERS3_PS2_m
FNDA:0,_ZNSt16allocator_traitsISaIiEE10deallocateERS0_Pim
FNDA:0,_ZNSt16allocator_traitsISaIiEE37select_on_container_copy_constructionERKS0_
FNF:5
FNH:0
DA:435,0
DA:436,0
DA:461,0
DA:462,0
DA:504,0
DA:505,0
LF:6
LH:0
end_of_record
SF:/usr/include/c++/7/bits/allocator.h
FN:131,_ZNSaIiEC2Ev
FN:131,_ZNSaISt6vectorIiSaIiEEEC2Ev
FN:133,_ZNSaIiEC2ERKS_
FN:133,_ZNSaISt6vectorIiSaIiEEEC2ERKS2_
FN:139,_ZNSaIiED2Ev
FN:139,_ZNSaISt6vectorIiSaIiEEED2Ev
FNDA:0,_ZNSaISt6vectorIiSaIiEEEC2Ev
FNDA:0,_ZNSaIiEC2Ev
FNDA:0,_ZNSaISt6vectorIiSaIiEEEC2ERKS2_
FNDA:0,_ZNSaIiEC2ERKS_
FNDA:0,_ZNSaISt6vectorIiSaIiEEED2Ev
FNDA:0,_ZNSaIiED2Ev
FNF:6
FNH:0
DA:131,0
DA:133,0
DA:134,0
DA:139,0
LF:4
LH:0
end_of_record
SF:/usr/include/c++/7/bits/cpp_type_traits.h
FN:408,_ZSt12__miter_baseIN9__gnu_cxx17__normal_iteratorIPKiSt6vectorIiSaIiEEEEET_S8_
FN:408,_ZSt12__miter_baseIPKiET_S2_
FNDA:0,_ZSt12__miter_baseIN9__gnu_cxx17__normal_iteratorIPKiSt6vectorIiSaIiEEEEET_S8_
FNDA:0,_ZSt12__miter_baseIPKiET_S2_
FNF:2
FNH:0
DA:408,0
DA:409,0
LF:2
LH:0
end_of_record
SF:/usr/include/c++/7/bits/ios_base.h
FN:129,_ZStorSt13_Ios_OpenmodeS_
FNDA:0,_ZStorSt13_Ios_OpenmodeS_
FNF:1
FNH:0
DA:129,0
DA:130,0
LF:2
LH:0
end_of_record
SF:/usr/include/c++/7/bits/move.h
FN:47,_ZSt11__addressofISt6vectorIiSaIiEEEPT_RS3_
FN:73,_ZSt7forwardIRKSt6vectorIiSaIiEEEOT_RNSt16remove_referenceIS5_E4typeE
FNDA:0,_ZSt11__addressofISt6vectorIiSaIiEEEPT_RS3_
FNDA:0,_ZSt7forwardIRKSt6vectorIiSaIiEEEOT_RNSt16remove_referenceIS5_E4typeE
FNF:2
FNH:0
DA:47,0
DA:48,0
DA:73,0
DA:74,0
LF:4
LH:0
end_of_record
SF:/usr/include/c++/7/bits/stl_algobase.h
FN:277,_ZSt12__niter_baseIPiET_S1_
FN:277,_ZSt12__niter_baseIPKiET_S2_
FN:357,_ZNSt11__copy_moveILb0ELb1ESt26random_access_iterator_tagE8__copy_mIiEEPT_PKS3_S6_S4_
FN:375,_ZSt13__copy_move_aILb0EPKiPiET1_T0_S4_S3_
FN:420,_ZSt14__copy_move_a2ILb0EN9__gnu_cxx17__normal_iteratorIPKiSt6vectorIiSaIiEEEEPiET1_T0_SA_S9_
FN:420,_ZSt14__copy_move_a2ILb0EPKiPiET1_T0_S4_S3_
FN:446,_ZSt4copyIN9__gnu_cxx17__normal_iteratorIPKiSt6vectorIiSaIiEEEEPiET0_T_SA_S9_
FN:446,_ZSt4copyIPKiPiET0_T_S4_S3_
FN:797,_ZNSt7__equalILb0EE5equalIPKSt6vectorIiSaIiEES6_EEbT_S7_T0_
FN:811,_ZNSt7__equalILb1EE5equalIiEEbPKT_S4_S4_
FN:821,_ZSt11__equal_auxIPKSt6vectorIiSaIiEES4_EbT_S5_T0_
FN:821,_ZSt11__equal_auxIPKiS1_EbT_S2_T0_
FN:1041,_ZSt5equalIN9__gnu_cxx17__normal_iteratorIPKSt6vectorIiSaIiEES2_IS4_SaIS4_EEEES9_EbT_SA_T0_
FN:1041,_ZSt5equalIN9__gnu_cxx17__normal_iteratorIPKiSt6vectorIiSaIiEEEES7_EbT_S8_T0_
FNDA:0,_ZSt12__niter_baseIPiET_S1_
FNDA:0,_ZSt12__niter_baseIPKiET_S2_
FNDA:0,_ZNSt11__copy_moveILb0ELb1ESt26random_access_iterator_tagE8__copy_mIiEEPT_PKS3_S6_S4_
FNDA:0,_ZSt13__copy_move_aILb0EPKiPiET1_T0_S4_S3_
FNDA:0,_ZSt14__copy_move_a2ILb0EN9__gnu_cxx17__normal_iteratorIPKiSt6vectorIiSaIiEEEEPiET1_T0_SA_S9_
FNDA:0,_ZSt14__copy_move_a2ILb0EPKiPiET1_T0_S4_S3_
FNDA:0,_ZSt4copyIN9__gnu_cxx17__normal_iteratorIPKiSt6vectorIiSaIiEEEEPiET0_T_SA_S9_
FNDA:0,_ZSt4copyIPKiPiET0_T_S4_S3_
FNDA:0,_ZNSt7__equalILb0EE5equalIPKSt6vectorIiSaIiEES6_EEbT_S7_T0_
FNDA:0,_ZNSt7__equalILb1EE5equalIiEEbPKT_S4_S4_
FNDA:0,_ZSt11__equal_auxIPKiS1_EbT_S2_T0_
FNDA:0,_ZSt11__equal_auxIPKSt6vectorIiSaIiEES4_EbT_S5_T0_
FNDA:0,_ZSt5equalIN9__gnu_cxx17__normal_iteratorIPKiSt6vectorIiSaIiEEEES7_EbT_S8_T0_
FNDA:0,_ZSt5equalIN9__gnu_cxx17__normal_iteratorIPKSt6vectorIiSaIiEES2_IS4_SaIS4_EEEES9_EbT_SA_T0_
FNF:14
FNH:0
DA:277,0
DA:278,0
DA:357,0
DA:366,0
DA:367,0
DA:368,0
DA:369,0
DA:375,0
DA:380,0
DA:386,0
DA:420,0
DA:422,0
DA:424,0
DA:446,0
DA:455,0
DA:456,0
DA:797,0
DA:799,0
DA:800,0
DA:801,0
DA:802,0
DA:811,0
DA:813,0
DA:814,0
DA:815,0
DA:821,0
DA:825,0
DA:831,0
DA:1041,0
DA:1051,0
DA:1053,0
LF:31
LH:0
end_of_record
SF:/usr/include/c++/7/bits/stl_construct.h
FN:74,_ZSt10_ConstructISt6vectorIiSaIiEEJRKS2_EEvPT_DpOT0_
FN:97,_ZSt8_DestroyISt6vectorIiSaIiEEEvPT_
FN:105,_ZNSt12_Destroy_auxILb0EE9__destroyIPSt6vectorIiSaIiEEEEvT_S6_
FN:117,_ZNSt12_Destroy_auxILb1EE9__destroyIPiEEvT_S3_
FN:127,_ZSt8_DestroyIPSt6vectorIiSaIiEEEvT_S4_
FN:127,_ZSt8_DestroyIPiEvT_S1_
FN:203,_ZSt8_DestroyIPiiEvT_S1_RSaIT0_E
FN:203,_ZSt8_DestroyIPSt6vectorIiSaIiEES2_EvT_S4_RSaIT0_E
FNDA:0,_ZSt10_ConstructISt6vectorIiSaIiEEJRKS2_EEvPT_DpOT0_
FNDA:0,_ZSt8_DestroyISt6vectorIiSaIiEEEvPT_
FNDA:0,_ZNSt12_Destroy_auxILb0EE9__destroyIPSt6vectorIiSaIiEEEEvT_S6_
FNDA:0,_ZNSt12_Destroy_auxILb1EE9__destroyIPiEEvT_S3_
FNDA:0,_ZSt8_DestroyIPSt6vectorIiSaIiEEEvT_S4_
FNDA:0,_ZSt8_DestroyIPiEvT_S1_
FNDA:0,_ZSt8_DestroyIPSt6vectorIiSaIiEES2_EvT_S4_RSaIT0_E
FNDA:0,_ZSt8_DestroyIPiiEvT_S1_RSaIT0_E
FNF:8
FNH:0
DA:74,0
DA:75,0
DA:97,0
DA:98,0
DA:105,0
DA:107,0
DA:108,0
DA:109,0
DA:117,0
DA:127,0
DA:137,0
DA:138,0
DA:203,0
DA:206,0
DA:207,0
LF:15
LH:0
end_of_record
SF:/usr/include/c++/7/bits/stl_iterator.h
FN:782,_ZN9__gnu_cxx17__normal_iteratorIPKiSt6vectorIiSaIiEEEC2ERKS2_
FN:782,_ZN9__gnu_cxx17__normal_iteratorIPKSt6vectorIiSaIiEES1_IS3_SaIS3_EEEC2ERKS5_
FN:795,_ZNK9__gnu_cxx17__normal_iteratorIPKSt6vectorIiSaIiEES1_IS3_SaIS3_EEEdeEv
FN:795,_ZNK9__gnu_cxx17__normal_iteratorIPKiSt6vectorIiSaIiEEEdeEv
FN:803,_ZN9__gnu_cxx17__normal_iteratorIPKiSt6vectorIiSaIiEEEppEv
FN:803,_ZN9__gnu_cxx17__normal_iteratorIPKSt6vectorIiSaIiEES1_IS3_SaIS3_EEEppEv
FN:847,_ZNK9__gnu_cxx17__normal_iteratorIPKiSt6vectorIiSaIiEEE4baseEv
FN:847,_ZNK9__gnu_cxx17__normal_iteratorIPKSt6vectorIiSaIiEES1_IS3_SaIS3_EEE4baseEv
FN:883,_ZN9__gnu_cxxneIPKiSt6vectorIiSaIiEEEEbRKNS_17__normal_iteratorIT_T0_EESB_
FN:883,_ZN9__gnu_cxxneIPKSt6vectorIiSaIiEES1_IS3_SaIS3_EEEEbRKNS_17__normal_iteratorIT_T0_EESD_
FN:986,_ZSt12__niter_baseIPKiSt6vectorIiSaIiEEET_N9__gnu_cxx17__normal_iteratorIS5_T0_EE
FN:986,_ZSt12__niter_baseIPKSt6vectorIiSaIiEES0_IS2_SaIS2_EEET_N9__gnu_cxx17__normal_iteratorIS7_T0_EE
FNDA:0,_ZN9__gnu_cxx17__normal_iteratorIPKiSt6vectorIiSaIiEEEC2ERKS2_
FNDA:0,_ZN9__gnu_cxx17__normal_iteratorIPKSt6vectorIiSaIiEES1_IS3_SaIS3_EEEC2ERKS5_
FNDA:0,_ZNK9__gnu_cxx17__normal_iteratorIPKiSt6vectorIiSaIiEEEdeEv
FNDA:0,_ZNK9__gnu_cxx17__normal_iteratorIPKSt6vectorIiSaIiEES1_IS3_SaIS3_EEEdeEv
FNDA:0,_ZN9__gnu_cxx17__normal_iteratorIPKiSt6vectorIiSaIiEEEppEv
FNDA:0,_ZN9__gnu_cxx17__normal_iteratorIPKSt6vectorIiSaIiEES1_IS3_SaIS3_EEEppEv
FNDA:0,_ZNK9__gnu_cxx17__normal_iteratorIPKiSt6vectorIiSaIiEEE4baseEv
FNDA:0,_ZNK9__gnu_cxx17__normal_iteratorIPKSt6vectorIiSaIiEES1_IS3_SaIS3_EEE4baseEv
FNDA:0,_ZN9__gnu_cxxneIPKiSt6vectorIiSaIiEEEEbRKNS_17__normal_iteratorIT_T0_EESB_
FNDA:0,_ZN9__gnu_cxxneIPKSt6vectorIiSaIiEES1_IS3_SaIS3_EEEEbRKNS_17__normal_iteratorIT_T0_EESD_
FNDA:0,_ZSt12__niter_baseIPKiSt6vectorIiSaIiEEET_N9__gnu_cxx17__normal_iteratorIS5_T0_EE
FNDA:0,_ZSt12__niter_baseIPKSt6vectorIiSaIiEES0_IS2_SaIS2_EEET_N9__gnu_cxx17__normal_iteratorIS7_T0_EE
FNF:12
FNH:0
DA:782,0
DA:783,0
DA:795,0
DA:796,0
DA:803,0
DA:805,0
DA:806,0
DA:847,0
DA:848,0
DA:883,0
DA:886,0
DA:986,0
DA:987,0
LF:13
LH:0
end_of_record
SF:/usr/include/c++/7/bits/stl_iterator_base_funcs.h
FN:98,_ZSt10__distanceIPKSt6vectorIiSaIiEEENSt15iterator_traitsIT_E15difference_typeES6_S6_St26random_access_iterator_tag
FN:98,_ZSt10__distanceIPKiENSt15iterator_traitsIT_E15difference_typeES3_S3_St26random_access_iterator_tag
FN:138,_ZSt8distanceIPKSt6vectorIiSaIiEEENSt15iterator_traitsIT_E15difference_typeES6_S6_
FN:138,_ZSt8distanceIPKiENSt15iterator_traitsIT_E15difference_typeES3_S3_
FNDA:0,_ZSt10__distanceIPKSt6vectorIiSaIiEEENSt15iterator_traitsIT_E15difference_typeES6_S6_St26random_access_iterator_tag
FNDA:0,_ZSt10__distanceIPKiENSt15iterator_traitsIT_E15difference_typeES3_S3_St26random_access_iterator_tag
FNDA:0,_ZSt8distanceIPKSt6vectorIiSaIiEEENSt15iterator_traitsIT_E15difference_typeES6_S6_
FNDA:0,_ZSt8distanceIPKiENSt15iterator_traitsIT_E15difference_typeES3_S3_
FNF:4
FNH:0
DA:98,0
DA:104,0
DA:138,0
DA:141,0
DA:142,0
LF:5
LH:0
end_of_record
SF:/usr/include/c++/7/bits/stl_iterator_base_types.h
FN:205,_ZSt19__iterator_categoryIPKSt6vectorIiSaIiEEENSt15iterator_traitsIT_E17iterator_categoryERKS6_
FN:205,_ZSt19__iterator_categoryIPKiENSt15iterator_traitsIT_E17iterator_categoryERKS3_
FNDA:0,_ZSt19__iterator_categoryIPKSt6vectorIiSaIiEEENSt15iterator_traitsIT_E17iterator_categoryERKS6_
FNDA:0,_ZSt19__iterator_categoryIPKiENSt15iterator_traitsIT_E17iterator_categoryERKS3_
FNF:2
FNH:0
DA:205,0
DA:206,0
LF:2
LH:0
end_of_record
SF:/usr/include/c++/7/bits/stl_uninitialized.h
FN:76,_ZNSt20__uninitialized_copyILb0EE13__uninit_copyIPKSt6vectorIiSaIiEEPS4_EET0_T_S9_S8_
FN:99,_ZNSt20__uninitialized_copyILb1EE13__uninit_copyIN9__gnu_cxx17__normal_iteratorIPKiSt6vectorIiSaIiEEEEPiEET0_T_SC_SB_
FN:99,_ZNSt20__uninitialized_copyILb1EE13__uninit_copyIPKiPiEET0_T_S6_S5_
FN:115,_ZSt18uninitialized_copyIPKiPiET0_T_S4_S3_
FN:115,_ZSt18uninitialized_copyIPKSt6vectorIiSaIiEEPS2_ET0_T_S7_S6_
FN:115,_ZSt18uninitialized_copyIN9__gnu_cxx17__normal_iteratorIPKiSt6vectorIiSaIiEEEEPiET0_T_SA_S9_
FN:287,_ZSt22__uninitialized_copy_aIN9__gnu_cxx17__normal_iteratorIPKiSt6vectorIiSaIiEEEEPiiET0_T_SA_S9_RSaIT1_E
FN:287,_ZSt22__uninitialized_copy_aIPKSt6vectorIiSaIiEEPS2_S2_ET0_T_S7_S6_RSaIT1_E
FN:287,_ZSt22__uninitialized_copy_aIPKiPiiET0_T_S4_S3_RSaIT1_E
FNDA:0,_ZNSt20__uninitialized_copyILb0EE13__uninit_copyIPKSt6vectorIiSaIiEEPS4_EET0_T_S9_S8_
FNDA:0,_ZNSt20__uninitialized_copyILb1EE13__uninit_copyIN9__gnu_cxx17__normal_iteratorIPKiSt6vectorIiSaIiEEEEPiEET0_T_SC_SB_
FNDA:0,_ZNSt20__uninitialized_copyILb1EE13__uninit_copyIPKiPiEET0_T_S6_S5_
FNDA:0,_ZSt18uninitialized_copyIN9__gnu_cxx17__normal_iteratorIPKiSt6vectorIiSaIiEEEEPiET0_T_SA_S9_
FNDA:0,_ZSt18uninitialized_copyIPKSt6vectorIiSaIiEEPS2_ET0_T_S7_S6_
FNDA:0,_ZSt18uninitialized_copyIPKiPiET0_T_S4_S3_
FNDA:0,_ZSt22__uninitialized_copy_aIN9__gnu_cxx17__normal_iteratorIPKiSt6vectorIiSaIiEEEEPiiET0_T_SA_S9_RSaIT1_E
FNDA:0,_ZSt22__uninitialized_copy_aIPKSt6vectorIiSaIiEEPS2_S2_ET0_T_S7_S6_RSaIT1_E
FNDA:0,_ZSt22__uninitialized_copy_aIPKiPiiET0_T_S4_S3_RSaIT1_E
FNF:9
FNH:0
DA:76,0
DA:79,0
DA:82,0
DA:83,0
DA:84,0
DA:86,0
DA:88,0
DA:89,0
DA:99,0
DA:101,0
DA:115,0
DA:128,0
DA:134,0
DA:287,0
DA:289,0
LF:15
LH:0
end_of_record
SF:/usr/include/c++/7/bits/stl_vector.h
FN:81,_ZNSt12_Vector_baseIiSaIiEE12_Vector_implD2Ev
FN:81,_ZNSt12_Vector_baseISt6vectorIiSaIiEESaIS2_EE12_Vector_implD2Ev
FN:92,_ZNSt12_Vector_baseIiSaIiEE12_Vector_implC2ERKS0_
FN:92,_ZNSt12_Vector_baseISt6vectorIiSaIiEESaIS2_EE12_Vector_implC2ERKS3_
FN:115,_ZNSt12_Vector_baseISt6vectorIiSaIiEESaIS2_EE19_M_get_Tp_allocatorEv
FN:115,_ZNSt12_Vector_baseIiSaIiEE19_M_get_Tp_allocatorEv
FN:119,_ZNKSt12_Vector_baseIiSaIiEE19_M_get_Tp_allocatorEv
FN:129,_ZNSt12_Vector_baseISt6vectorIiSaIiEESaIS2_EEC2ERKS3_
FN:129,_ZNSt12_Vector_baseIiSaIiEEC2ERKS0_
FN:136,_ZNSt12_Vector_baseIiSaIiEEC2EmRKS0_
FN:161,_ZNSt12_Vector_baseIiSaIiEED2Ev
FN:161,_ZNSt12_Vector_baseISt6vectorIiSaIiEESaIS2_EED2Ev
FN:169,_ZNSt12_Vector_baseIiSaIiEE11_M_allocateEm
FN:169,_ZNSt12_Vector_baseISt6vectorIiSaIiEESaIS2_EE11_M_allocateEm
FN:176,_ZNSt12_Vector_baseIiSaIiEE13_M_deallocateEPim
FN:176,_ZNSt12_Vector_baseISt6vectorIiSaIiEESaIS2_EE13_M_deallocateEPS2_m
FN:185,_ZNSt12_Vector_baseIiSaIiEE17_M_create_storageEm
FN:326,_ZNSt6vectorIiSaIiEEC2ERKS1_
FN:383,_ZNSt6vectorIS_IiSaIiEESaIS1_EEC2ESt16initializer_listIS1_ERKS2_
FN:383,_ZNSt6vectorIiSaIiEEC2ESt16initializer_listIiERKS0_
FN:433,_ZNSt6vectorIS_IiSaIiEESaIS1_EED2Ev
FN:433,_ZNSt6vectorIiSaIiEED2Ev
FN:572,_ZNKSt6vectorIS_IiSaIiEESaIS1_EE5beginEv
FN:572,_ZNKSt6vectorIiSaIiEE5beginEv
FN:590,_ZNKSt6vectorIiSaIiEE3endEv
FN:590,_ZNKSt6vectorIS_IiSaIiEESaIS1_EE3endEv
FN:670,_ZNKSt6vectorIiSaIiEE4sizeEv
FN:670,_ZNKSt6vectorIS_IiSaIiEESaIS1_EE4sizeEv
FN:1324,_ZNSt6vectorIiSaIiEE19_M_range_initializeIPKiEEvT_S5_St20forward_iterator_tag
FN:1324,_ZNSt6vectorIS_IiSaIiEESaIS1_EE19_M_range_initializeIPKS1_EEvT_S7_St20forward_iterator_tag
FN:1601,_ZSteqIiSaIiEEbRKSt6vectorIT_T0_ES6_
FN:1601,_ZSteqISt6vectorIiSaIiEESaIS2_EEbRKS0_IT_T0_ES8_
FNDA:0,_ZNSt12_Vector_baseISt6vectorIiSaIiEESaIS2_EE12_Vector_implD2Ev
FNDA:0,_ZNSt12_Vector_baseIiSaIiEE12_Vector_implD2Ev
FNDA:0,_ZNSt12_Vector_baseISt6vectorIiSaIiEESaIS2_EE12_Vector_implC2ERKS3_
FNDA:0,_ZNSt12_Vector_baseIiSaIiEE12_Vector_implC2ERKS0_
FNDA:0,_ZNSt12_Vector_baseISt6vectorIiSaIiEESaIS2_EE19_M_get_Tp_allocatorEv
FNDA:0,_ZNSt12_Vector_baseIiSaIiEE19_M_get_Tp_allocatorEv
FNDA:0,_ZNKSt12_Vector_baseIiSaIiEE19_M_get_Tp_allocatorEv
FNDA:0,_ZNSt12_Vector_baseISt6vectorIiSaIiEESaIS2_EEC2ERKS3_
FNDA:0,_ZNSt12_Vector_baseIiSaIiEEC2ERKS0_
FNDA:0,_ZNSt12_Vector_baseIiSaIiEEC2EmRKS0_
FNDA:0,_ZNSt12_Vector_baseISt6vectorIiSaIiEESaIS2_EED2Ev
FNDA:0,_ZNSt12_Vector_baseIiSaIiEED2Ev
FNDA:0,_ZNSt12_Vector_baseISt6vectorIiSaIiEESaIS2_EE11_M_allocateEm
FNDA:0,_ZNSt12_Vector_baseIiSaIiEE11_M_allocateEm
[...]
FN:81,_ZNSt12_Vector_baseISt6vectorIS0_IiSaIiEESaIS2_EESaIS4_EE12_Vector_implD2Ev
FN:81,_ZNSt12_Vector_baseIiSaIiEE12_Vector_implD2Ev
FN:88,_ZNSt12_Vector_baseISt6vectorIiSaIiEESaIS2_EE12_Vector_implC2Ev
FN:88,_ZNSt12_Vector_baseISt6vectorIS0_IiSaIiEESaIS2_EESaIS4_EE12_Vector_implC2Ev
FN:92,_ZNSt12_Vector_baseIiSaIiEE12_Vector_implC2ERKS0_
FN:92,_ZNSt12_Vector_baseISt6vectorIiSaIiEESaIS2_EE12_Vector_implC2ERKS3_
FN:97,_ZNSt12_Vector_baseIiSaIiEE12_Vector_implC2EOS0_
FN:97,_ZNSt12_Vector_baseISt6vectorIiSaIiEESaIS2_EE12_Vector_implC2EOS3_
FN:103,_ZNSt12_Vector_baseIiSaIiEE12_Vector_impl12_M_swap_dataERS2_
FN:103,_ZNSt12_Vector_baseISt6vectorIiSaIiEESaIS2_EE12_Vector_impl12_M_swap_dataERS5_
FN:115,_ZNSt12_Vector_baseIiSaIiEE19_M_get_Tp_allocatorEv
FN:115,_ZNSt12_Vector_baseISt6vectorIiSaIiEESaIS2_EE19_M_get_Tp_allocatorEv
FN:115,_ZNSt12_Vector_baseISt6vectorIS0_IiSaIiEESaIS2_EESaIS4_EE19_M_get_Tp_allocatorEv
FN:119,_ZNKSt12_Vector_baseISt6vectorIiSaIiEESaIS2_EE19_M_get_Tp_allocatorEv
FN:119,_ZNKSt12_Vector_baseIiSaIiEE19_M_get_Tp_allocatorEv
FN:119,_ZNKSt12_Vector_baseISt6vectorIS0_IiSaIiEESaIS2_EESaIS4_EE19_M_get_Tp_allocatorEv
FN:123,_ZNKSt12_Vector_baseISt6vectorIiSaIiEESaIS2_EE13get_allocatorEv
FN:123,_ZNKSt12_Vector_baseIiSaIiEE13get_allocatorEv
FN:126,_ZNSt12_Vector_baseISt6vectorIiSaIiEESaIS2_EEC2Ev
FN:126,_ZNSt12_Vector_baseISt6vectorIS0_IiSaIiEESaIS2_EESaIS4_EEC2Ev
FN:129,_ZNSt12_Vector_baseISt6vectorIiSaIiEESaIS2_EEC2ERKS3_
FN:129,_ZNSt12_Vector_baseIiSaIiEEC2ERKS0_
FN:136,_ZNSt12_Vector_baseISt6vectorIiSaIiEESaIS2_EEC2EmRKS3_
FN:136,_ZNSt12_Vector_baseIiSaIiEEC2EmRKS0_
FN:144,_ZNSt12_Vector_baseIiSaIiEEC2EOS1_
FN:144,_ZNSt12_Vector_baseISt6vectorIiSaIiEESaIS2_EEC2EOS4_
FN:161,_ZNSt12_Vector_baseIiSaIiEED2Ev
FN:161,_ZNSt12_Vector_baseISt6vectorIiSaIiEESaIS2_EED2Ev
FN:161,_ZNSt12_Vector_baseISt6vectorIS0_IiSaIiEESaIS2_EESaIS4_EED2Ev
FN:169,_ZNSt12_Vector_baseIiSaIiEE11_M_allocateEm
FN:169,_ZNSt12_Vector_baseISt6vectorIiSaIiEESaIS2_EE11_M_allocateEm
FN:169,_ZNSt12_Vector_baseISt6vectorIS0_IiSaIiEESaIS2_EESaIS4_EE11_M_allocateEm
FN:176,_ZNSt12_Vector_baseISt6vectorIiSaIiEESaIS2_EE13_M_deallocateEPS2_m
FN:176,_ZNSt12_Vector_baseISt6vectorIS0_IiSaIiEESaIS2_EESaIS4_EE13_M_deallocateEPS4_m
FN:176,_ZNSt12_Vector_baseIiSaIiEE13_M_deallocateEPim
FN:185,_ZNSt12_Vector_baseISt6vectorIiSaIiEESaIS2_EE17_M_create_storageEm
FN:185,_ZNSt12_Vector_baseIiSaIiEE17_M_create_storageEm
FN:259,_ZNSt6vectorIS_IS_IiSaIiEESaIS1_EESaIS3_EEC2Ev
FN:259,_ZNSt6vectorIS_IiSaIiEESaIS1_EEC2Ev
FN:270,_ZNSt6vectorIS_IiSaIiEESaIS1_EEC2ERKS2_
FN:270,_ZNSt6vectorIiSaIiEEC2ERKS0_
FN:326,_ZNSt6vectorIiSaIiEEC2ERKS1_
FN:326,_ZNSt6vectorIS_IiSaIiEESaIS1_EEC2ERKS3_
FN:344,_ZNSt6vectorIS_IiSaIiEESaIS1_EEC2EOS3_
FN:344,_ZNSt6vectorIiSaIiEEC2EOS1_
FN:383,_ZNSt6vectorIiSaIiEEC2ESt16initializer_listIiERKS0_
FN:383,_ZNSt6vectorIS_IiSaIiEESaIS1_EEC2ESt16initializer_listIS1_ERKS2_
FN:433,_ZNSt6vectorIS_IS_IiSaIiEESaIS1_EESaIS3_EED2Ev
FN:433,_ZNSt6vectorIiSaIiEED2Ev
FN:433,_ZNSt6vectorIS_IiSaIiEESaIS1_EED2Ev
FN:461,_ZNSt6vectorIiSaIiEEaSEOS1_
FN:461,_ZNSt6vectorIS_IiSaIiEESaIS1_EEaSEOS3_
FN:563,_ZNSt6vectorIS_IiSaIiEESaIS1_EE5beginEv
FN:563,_ZNSt6vectorIS_IS_IiSaIiEESaIS1_EESaIS3_EE5beginEv
FN:563,_ZNSt6vectorIiSaIiEE5beginEv
FN:572,_ZNKSt6vectorIS_IS_IiSaIiEESaIS1_EESaIS3_EE5beginEv
FN:572,_ZNKSt6vectorIS_IiSaIiEESaIS1_EE5beginEv
FN:572,_ZNKSt6vectorIiSaIiEE5beginEv
FN:581,_ZNSt6vectorIS_IiSaIiEESaIS1_EE3endEv
FN:581,_ZNSt6vectorIiSaIiEE3endEv
FN:581,_ZNSt6vectorIS_IS_IiSaIiEESaIS1_EESaIS3_EE3endEv
FN:590,_ZNKSt6vectorIS_IiSaIiEESaIS1_EE3endEv
FN:590,_ZNKSt6vectorIS_IS_IiSaIiEESaIS1_EESaIS3_EE3endEv
FN:590,_ZNKSt6vectorIiSaIiEE3endEv
FN:636,_ZNKSt6vectorIS_IiSaIiEESaIS1_EE6cbeginEv
FN:670,_ZNKSt6vectorIiSaIiEE4sizeEv
FN:670,_ZNKSt6vectorIS_IS_IiSaIiEESaIS1_EESaIS3_EE4sizeEv
FN:670,_ZNKSt6vectorIS_IiSaIiEESaIS1_EE4sizeEv
FN:675,_ZNKSt6vectorIS_IS_IiSaIiEESaIS1_EESaIS3_EE8max_sizeEv
FN:675,_ZNKSt6vectorIS_IiSaIiEESaIS1_EE8max_sizeEv
FN:750,_ZNKSt6vectorIiSaIiEE8capacityEv
FN:795,_ZNSt6vectorIS_IiSaIiEESaIS1_EEixEm
FN:795,_ZNSt6vectorIiSaIiEEixEm
FN:813,_ZNKSt6vectorIiSaIiEEixEm
FN:813,_ZNKSt6vectorIS_IiSaIiEESaIS1_EEixEm
FN:939,_ZNSt6vectorIS_IS_IiSaIiEESaIS1_EESaIS3_EE9push_backERKS3_
FN:939,_ZNSt6vectorIS_IiSaIiEESaIS1_EE9push_backERKS1_
FN:953,_ZNSt6vectorIS_IiSaIiEESaIS1_EE9push_backEOS1_
FN:1128,_ZNSt6vectorIS_IiSaIiEESaIS1_EE6insertIN9__gnu_cxx17__normal_iteratorIPS1_S3_EEvEES8_NS6_IPKS1_S3_EET_SC_
FN:1247,_ZNSt6vectorIiSaIiEE5clearEv
FN:1257,_ZNSt6vectorIiSaIiEE20_M_allocate_and_copyIN9__gnu_cxx17__normal_iteratorIPKiS1_EEEEPimT_S9_
FN:1324,_ZNSt6vectorIiSaIiEE19_M_range_initializeIPKiEEvT_S5_St20forward_iterator_tag
FN:1324,_ZNSt6vectorIS_IiSaIiEESaIS1_EE19_M_range_initializeIPKS1_EEvT_S7_St20forward_iterator_tag
FN:1408,_ZNSt6vectorIS_IiSaIiEESaIS1_EE18_M_insert_dispatchIN9__gnu_cxx17__normal_iteratorIPS1_S3_EEEEvS8_T_S9_St12__false_type
FN:1502,_ZNKSt6vectorIS_IiSaIiEESaIS1_EE12_M_check_lenEmPKc
FN:1502,_ZNKSt6vectorIS_IS_IiSaIiEESaIS1_EESaIS3_EE12_M_check_lenEmPKc
FN:1516,_ZNSt6vectorIiSaIiEE15_M_erase_at_endEPi
FN:1534,_ZNSt6vectorIiSaIiEE14_M_move_assignEOS1_St17integral_constantIbLb1EE
FN:1534,_ZNSt6vectorIS_IiSaIiEESaIS1_EE14_M_move_assignEOS3_St17integral_constantIbLb1EE
FN:1601,_ZSteqIiSaIiEEbRKSt6vectorIT_T0_ES6_
FNDA:0,_ZNSt12_Vector_baseISt6vectorIS0_IiSaIiEESaIS2_EESaIS4_EE12_Vector_implD2Ev
FNDA:0,_ZNSt12_Vector_baseISt6vectorIiSaIiEESaIS2_EE12_Vector_implD2Ev
FNDA:0,_ZNSt12_Vector_baseIiSaIiEE12_Vector_implD2Ev
FNDA:0,_ZNSt12_Vector_baseISt6vectorIS0_IiSaIiEESaIS2_EESaIS4_EE12_Vector_implC2Ev
FNDA:0,_ZNSt12_Vector_baseISt6vectorIiSaIiEESaIS2_EE12_Vector_implC2Ev
FNDA:0,_ZNSt12_Vector_baseISt6vectorIiSaIiEESaIS2_EE12_Vector_implC2ERKS3_
FNDA:0,_ZNSt12_Vector_baseIiSaIiEE12_Vector_implC2ERKS0_
FNDA:0,_ZNSt12_Vector_baseISt6vectorIiSaIiEESaIS2_EE12_Vector_implC2EOS3_
FNDA:0,_ZNSt12_Vector_baseIiSaIiEE12_Vector_implC2EOS0_
FNDA:0,_ZNSt12_Vector_baseISt6vectorIiSaIiEESaIS2_EE12_Vector_impl12_M_swap_dataERS5_
FNDA:0,_ZNSt12_Vector_baseIiSaIiEE12_Vector_impl12_M_swap_dataERS2_
FNDA:0,_ZNSt12_Vector_baseISt6vectorIS0_IiSaIiEESaIS2_EESaIS4_EE19_M_get_Tp_allocatorEv
FNDA:0,_ZNSt12_Vector_baseISt6vectorIiSaIiEESaIS2_EE19_M_get_Tp_allocatorEv
FNDA:0,_ZNSt12_Vector_baseIiSaIiEE19_M_get_Tp_allocatorEv
FNDA:0,_ZNKSt12_Vector_baseISt6vectorIS0_IiSaIiEESaIS2_EESaIS4_EE19_M_get_Tp_allocatorEv
FNDA:0,_ZNKSt12_Vector_baseISt6vectorIiSaIiEESaIS2_EE19_M_get_Tp_allocatorEv
FNDA:0,_ZNKSt12_Vector_baseIiSaIiEE19_M_get_Tp_allocatorEv
FNDA:240,_ZNKSt12_Vector_baseIiSaIiEE13get_allocatorEv
FNDA:2949,_ZNKSt12_Vector_baseISt6vectorIiSaIiEESaIS2_EE13get_allocatorEv
FNDA:0,_ZNSt12_Vector_baseISt6vectorIS0_IiSaIiEESaIS2_EESaIS4_EEC2Ev
FNDA:0,_ZNSt12_Vector_baseISt6vectorIiSaIiEESaIS2_EEC2Ev
FNDA:0,_ZNSt12_Vector_baseIiSaIiEEC2ERKS0_
FNDA:0,_ZNSt12_Vector_baseISt6vectorIiSaIiEESaIS2_EEC2ERKS3_
FNDA:0,_ZNSt12_Vector_baseISt6vectorIiSaIiEESaIS2_EEC2EmRKS3_
FNDA:0,_ZNSt12_Vector_baseIiSaIiEEC2EmRKS0_
FNDA:0,_ZNSt12_Vector_baseISt6vectorIiSaIiEESaIS2_EEC2EOS4_
FNDA:0,_ZNSt12_Vector_baseIiSaIiEEC2EOS1_
FNDA:0,_ZNSt12_Vector_baseISt6vectorIS0_IiSaIiEESaIS2_EESaIS4_EED2Ev
FNDA:0,_ZNSt12_Vector_baseISt6vectorIiSaIiEESaIS2_EED2Ev
FNDA:0,_ZNSt12_Vector_baseIiSaIiEED2Ev
FNDA:0,_ZNSt12_Vector_baseISt6vectorIS0_IiSaIiEESaIS2_EESaIS4_EE11_M_allocateEm
FNDA:0,_ZNSt12_Vector_baseIiSaIiEE11_M_allocateEm
FNDA:0,_ZNSt12_Vector_baseISt6vectorIiSaIiEESaIS2_EE11_M_allocateEm
FNDA:0,_ZNSt12_Vector_baseISt6vectorIS0_IiSaIiEESaIS2_EESaIS4_EE13_M_deallocateEPS4_m
FNDA:0,_ZNSt12_Vector_baseISt6vectorIiSaIiEESaIS2_EE13_M_deallocateEPS2_m
FNDA:0,_ZNSt12_Vector_baseIiSaIiEE13_M_deallocateEPim
FNDA:0,_ZNSt12_Vector_baseISt6vectorIiSaIiEESaIS2_EE17_M_create_storageEm
FNDA:0,_ZNSt12_Vector_baseIiSaIiEE17_M_create_storageEm
FNDA:0,_ZNSt6vectorIS_IS_IiSaIiEESaIS1_EESaIS3_EEC2Ev
FNDA:0,_ZNSt6vectorIS_IiSaIiEESaIS1_EEC2Ev
FNDA:240,_ZNSt6vectorIiSaIiEEC2ERKS0_
FNDA:2949,_ZNSt6vectorIS_IiSaIiEESaIS1_EEC2ERKS2_
FNDA:0,_ZNSt6vectorIS_IiSaIiEESaIS1_EEC2ERKS3_
FNDA:0,_ZNSt6vectorIiSaIiEEC2ERKS1_
FNDA:0,_ZNSt6vectorIS_IiSaIiEESaIS1_EEC2EOS3_
FNDA:0,_ZNSt6vectorIiSaIiEEC2EOS1_
FNDA:0,_ZNSt6vectorIiSaIiEEC2ESt16initializer_listIiERKS0_
FNDA:0,_ZNSt6vectorIS_IiSaIiEESaIS1_EEC2ESt16initializer_listIS1_ERKS2_
FNDA:0,_ZNSt6vectorIS_IS_IiSaIiEESaIS1_EESaIS3_EED2Ev
FNDA:0,_ZNSt6vectorIS_IiSaIiEESaIS1_EED2Ev
FNDA:0,_ZNSt6vectorIiSaIiEED2Ev
FNDA:240,_ZNSt6vectorIiSaIiEEaSEOS1_
FNDA:2949,_ZNSt6vectorIS_IiSaIiEESaIS1_EEaSEOS3_
FNDA:0,_ZNSt6vectorIiSaIiEE5beginEv
FNDA:0,_ZNSt6vectorIS_IS_IiSaIiEESaIS1_EESaIS3_EE5beginEv
FNDA:0,_ZNSt6vectorIS_IiSaIiEESaIS1_EE5beginEv
FNDA:0,_ZNKSt6vectorIiSaIiEE5beginEv
FNDA:54,_ZNKSt6vectorIS_IS_IiSaIiEESaIS1_EESaIS3_EE5beginEv
FNDA:0,_ZNKSt6vectorIS_IiSaIiEESaIS1_EE5beginEv
FNDA:0,_ZNSt6vectorIiSaIiEE3endEv
FNDA:0,_ZNSt6vectorIS_IS_IiSaIiEESaIS1_EESaIS3_EE3endEv
FNDA:0,_ZNSt6vectorIS_IiSaIiEESaIS1_EE3endEv
FNDA:0,_ZNKSt6vectorIiSaIiEE3endEv
FNDA:54,_ZNKSt6vectorIS_IS_IiSaIiEESaIS1_EESaIS3_EE3endEv
FNDA:0,_ZNKSt6vectorIS_IiSaIiEESaIS1_EE3endEv
FNDA:2637,_ZNKSt6vectorIS_IiSaIiEESaIS1_EE6cbeginEv
FNDA:0,_ZNKSt6vectorIS_IS_IiSaIiEESaIS1_EESaIS3_EE4sizeEv
FNDA:0,_ZNKSt6vectorIiSaIiEE4sizeEv
FNDA:0,_ZNKSt6vectorIS_IiSaIiEESaIS1_EE4sizeEv
FNDA:0,_ZNKSt6vectorIS_IS_IiSaIiEESaIS1_EESaIS3_EE8max_sizeEv
FNDA:0,_ZNKSt6vectorIS_IiSaIiEESaIS1_EE8max_sizeEv
FNDA:0,_ZNKSt6vectorIiSaIiEE8capacityEv
FNDA:104125,_ZNSt6vectorIiSaIiEEixEm
FNDA:97728,_ZNSt6vectorIS_IiSaIiEESaIS1_EEixEm
FNDA:0,_ZNKSt6vectorIiSaIiEEixEm
FNDA:0,_ZNKSt6vectorIS_IiSaIiEESaIS1_EEixEm
FNDA:0,_ZNSt6vectorIS_IS_IiSaIiEESaIS1_EESaIS3_EE9push_backERKS3_
FNDA:0,_ZNSt6vectorIS_IiSaIiEESaIS1_EE9push_backERKS1_
FNDA:4842,_ZNSt6vectorIS_IiSaIiEESaIS1_EE9push_backEOS1_
FNDA:2637,_ZNSt6vectorIS_IiSaIiEESaIS1_EE6insertIN9__gnu_cxx17__normal_iteratorIPS1_S3_EEvEES8_NS6_IPKS1_S3_EET_SC_
FNDA:0,_ZNSt6vectorIiSaIiEE5clearEv
FNDA:0,_ZNSt6vectorIiSaIiEE20_M_allocate_and_copyIN9__gnu_cxx17__normal_iteratorIPKiS1_EEEEPimT_S9_
FNDA:0,_ZNSt6vectorIiSaIiEE19_M_range_initializeIPKiEEvT_S5_St20forward_iterator_tag
FNDA:0,_ZNSt6vectorIS_IiSaIiEESaIS1_EE19_M_range_initializeIPKS1_EEvT_S7_St20forward_iterator_tag
FNDA:2637,_ZNSt6vectorIS_IiSaIiEESaIS1_EE18_M_insert_dispatchIN9__gnu_cxx17__normal_iteratorIPS1_S3_EEEEvS8_T_S9_St12__false_type
FNDA:0,_ZNKSt6vectorIS_IS_IiSaIiEESaIS1_EESaIS3_EE12_M_check_lenEmPKc
FNDA:0,_ZNKSt6vectorIS_IiSaIiEESaIS1_EE12_M_check_lenEmPKc
FNDA:0,_ZNSt6vectorIiSaIiEE15_M_erase_at_endEPi
FNDA:240,_ZNSt6vectorIiSaIiEE14_M_move_assignEOS1_St17integral_constantIbLb1EE
FNDA:2949,_ZNSt6vectorIS_IiSaIiEESaIS1_EE14_M_move_assignEOS3_St17integral_constantIbLb1EE
FNDA:0,_ZSteqIiSaIiEEbRKSt6vectorIT_T0_ES6_
FNF:91
FNH:16
DA:81,0
DA:88,0
DA:89,0
DA:90,0
DA:92,0
DA:93,0
DA:94,0
DA:97,0
DA:98,0
DA:99,0
DA:100,0
DA:103,0
DA:105,0
DA:106,0
DA:107,0
DA:108,0
DA:115,0
DA:116,0
DA:119,0
DA:120,0
DA:123,3189
DA:124,3189
DA:126,0
DA:127,0
DA:129,0
DA:130,0
DA:136,0
DA:137,0
DA:138,0
DA:144,0
DA:145,0
DA:146,0
DA:161,0
DA:162,0
DA:163,0
DA:169,0
DA:172,0
DA:176,0
DA:179,0
DA:180,0
DA:181,0
DA:185,0
DA:187,0
DA:188,0
DA:189,0
DA:190,0
DA:259,0
DA:263,0
DA:270,3189
DA:271,3189
DA:326,0
DA:328,0
DA:330,0
DA:331,0
DA:333,0
DA:334,0
DA:344,0
DA:345,0
DA:383,0
DA:385,0
DA:387,0
DA:389,0
DA:433,0
DA:434,0
DA:435,0
DA:461,3189
DA:463,3189
DA:466,3189
DA:467,3189
DA:563,0
DA:564,0
DA:572,54
DA:573,54
DA:581,0
DA:582,0
DA:590,54
DA:591,54
DA:636,2637
DA:637,2637
DA:670,0
DA:671,0
DA:675,0
DA:676,0
DA:750,0
DA:751,0
DA:752,0
DA:795,201853
DA:798,201853
DA:813,0
DA:816,0
DA:939,0
DA:941,0
DA:943,0
DA:945,0
DA:948,0
DA:949,0
DA:953,4842
DA:954,4842
DA:1128,2637
DA:1131,2637
DA:1132,2637
DA:1134,2637
DA:1247,0
DA:1248,0
DA:1257,0
DA:1260,0
DA:1263,0
DA:1264,0
DA:1265,0
DA:1267,0
DA:1269,0
DA:1270,0
DA:1324,0
DA:1327,0
DA:1328,0
DA:1329,0
DA:1330,0
DA:1331,0
DA:1333,0
DA:1334,0
DA:1408,2637
DA:1411,2637
DA:1412,5274
DA:1413,2637
DA:1502,0
DA:1504,0
DA:1505,0
DA:1507,0
DA:1508,0
DA:1516,0
DA:1518,0
DA:1519,0
DA:1520,0
DA:1534,3189
DA:1536,6378
DA:1537,3189
DA:1538,3189
DA:1539,3189
DA:1540,3189
DA:1601,0
DA:1602,0
DA:1603,0
LF:142
LH:32
end_of_record
SF:/usr/include/c++/7/bits/vector.tcc
FN:95,_ZNSt6vectorIS_IiSaIiEESaIS1_EE12emplace_backIJS1_EEEvDpOT_
FN:179,_ZNSt6vectorIiSaIiEEaSERKS1_
FN:394,_ZNSt6vectorIS_IiSaIiEESaIS1_EE17_M_realloc_insertIJS1_EEEvN9__gnu_cxx17__normal_iteratorIPS1_S3_EEDpOT_
FN:394,_ZNSt6vectorIS_IiSaIiEESaIS1_EE17_M_realloc_insertIJRKS1_EEEvN9__gnu_cxx17__normal_iteratorIPS1_S3_EEDpOT_
FN:394,_ZNSt6vectorIS_IS_IiSaIiEESaIS1_EESaIS3_EE17_M_realloc_insertIJRKS3_EEEvN9__gnu_cxx17__normal_iteratorIPS3_S5_EEDpOT_
FN:630,_ZNSt6vectorIS_IiSaIiEESaIS1_EE15_M_range_insertIN9__gnu_cxx17__normal_iteratorIPS1_S3_EEEEvS8_T_S9_St20forward_iterator_tag
FNDA:4842,_ZNSt6vectorIS_IiSaIiEESaIS1_EE12emplace_backIJS1_EEEvDpOT_
FNDA:0,_ZNSt6vectorIiSaIiEEaSERKS1_
FNDA:4587,_ZNSt6vectorIS_IiSaIiEESaIS1_EE17_M_realloc_insertIJS1_EEEvN9__gnu_cxx17__normal_iteratorIPS1_S3_EEDpOT_
FNDA:0,_ZNSt6vectorIS_IS_IiSaIiEESaIS1_EESaIS3_EE17_M_realloc_insertIJRKS3_EEEvN9__gnu_cxx17__normal_iteratorIPS3_S5_EEDpOT_
FNDA:0,_ZNSt6vectorIS_IiSaIiEESaIS1_EE17_M_realloc_insertIJRKS1_EEEvN9__gnu_cxx17__normal_iteratorIPS1_S3_EEDpOT_
FNDA:2637,_ZNSt6vectorIS_IiSaIiEESaIS1_EE15_M_range_insertIN9__gnu_cxx17__normal_iteratorIPS1_S3_EEEEvS8_T_S9_St20forward_iterator_tag
FNF:6
FNH:3
DA:95,4842
DA:98,4842
DA:100,255
DA:102,255
DA:105,4587
DA:109,4842
DA:179,0
DA:182,0
DA:185,0
DA:187,0
DA:188,0
DA:191,0
DA:192,0
DA:193,0
DA:194,0
DA:195,0
DA:196,0
DA:197,0
DA:199,0
DA:203,0
DA:204,0
DA:206,0
DA:208,0
DA:209,0
DA:210,0
DA:211,0
DA:212,0
DA:213,0
DA:214,0
DA:216,0
DA:218,0
DA:219,0
DA:223,0
DA:225,0
DA:226,0
DA:228,0
DA:230,0
DA:232,0
DA:394,4587
DA:403,4587
DA:405,4587
DA:406,4587
DA:407,4587
DA:415,9174
DA:416,4587
DA:422,4587
DA:424,4587
DA:426,4587
DA:427,4587
DA:429,4587
DA:431,4587
DA:433,4587
DA:434,4587
DA:436,0
DA:438,0
DA:439,0
DA:440,0
DA:442,0
DA:443,0
DA:444,0
DA:446,4587
DA:447,4587
DA:448,9174
DA:449,4587
DA:450,4587
DA:451,4587
DA:452,4587
DA:453,4587
DA:454,4587
DA:630,2637
DA:634,2637
DA:636,2460
DA:637,4920
DA:638,2460
DA:640,612
DA:641,612
DA:642,612
DA:644,0
DA:647,0
DA:648,0
DA:649,0
DA:651,0
DA:655,612
DA:656,612
DA:657,612
DA:659,612
DA:660,612
DA:661,612
DA:664,612
DA:665,612
DA:666,612
DA:671,1848
DA:673,1848
DA:674,1848
DA:677,1848
DA:679,1848
DA:680,1848
DA:681,1848
DA:684,1848
DA:685,1848
DA:687,1848
DA:688,1848
DA:690,0
DA:692,0
DA:693,0
DA:694,0
DA:695,0
DA:697,1848
DA:698,1848
DA:699,3696
DA:700,1848
DA:701,1848
DA:702,1848
DA:703,1848
DA:704,1848
DA:707,2637
LF:116
LH:67
end_of_record
SF:/usr/include/c++/7/ext/alloc_traits.h
FN:94,_ZN9__gnu_cxx14__alloc_traitsISaISt6vectorIiSaIiEEEE17_S_select_on_copyERKS4_
FN:94,_ZN9__gnu_cxx14__alloc_traitsISaIiEE17_S_select_on_copyERKS1_
FN:100,_ZN9__gnu_cxx14__alloc_traitsISaIiEE27_S_propagate_on_copy_assignEv
FN:109,_ZN9__gnu_cxx14__alloc_traitsISaIiEE15_S_always_equalEv
FNDA:0,_ZN9__gnu_cxx14__alloc_traitsISaISt6vectorIiSaIiEEEE17_S_select_on_copyERKS4_
FNDA:0,_ZN9__gnu_cxx14__alloc_traitsISaIiEE17_S_select_on_copyERKS1_
FNDA:0,_ZN9__gnu_cxx14__alloc_traitsISaIiEE27_S_propagate_on_copy_assignEv
FNDA:0,_ZN9__gnu_cxx14__alloc_traitsISaIiEE15_S_always_equalEv
FNF:4
FNH:0
DA:94,0
DA:95,0
DA:100,0
DA:101,0
DA:109,0
DA:110,0
LF:6
LH:0
end_of_record
SF:/usr/include/c++/7/ext/new_allocator.h
FN:79,_ZN9__gnu_cxx13new_allocatorIiEC2Ev
FN:79,_ZN9__gnu_cxx13new_allocatorISt6vectorIiSaIiEEEC2Ev
FN:79,_ZN9__gnu_cxx13new_allocatorISt6vectorIS1_IiSaIiEESaIS3_EEEC2Ev
FN:81,_ZN9__gnu_cxx13new_allocatorIiEC2ERKS1_
FN:81,_ZN9__gnu_cxx13new_allocatorISt6vectorIiSaIiEEEC2ERKS4_
FN:86,_ZN9__gnu_cxx13new_allocatorISt6vectorIiSaIiEEED2Ev
FN:86,_ZN9__gnu_cxx13new_allocatorIiED2Ev
FN:86,_ZN9__gnu_cxx13new_allocatorISt6vectorIS1_IiSaIiEESaIS3_EEED2Ev
FN:99,_ZN9__gnu_cxx13new_allocatorIiE8allocateEmPKv
FN:99,_ZN9__gnu_cxx13new_allocatorISt6vectorIiSaIiEEE8allocateEmPKv
FN:99,_ZN9__gnu_cxx13new_allocatorISt6vectorIS1_IiSaIiEESaIS3_EEE8allocateEmPKv
FN:116,_ZN9__gnu_cxx13new_allocatorIiE10deallocateEPim
FN:116,_ZN9__gnu_cxx13new_allocatorISt6vectorIiSaIiEEE10deallocateEPS3_m
FN:116,_ZN9__gnu_cxx13new_allocatorISt6vectorIS1_IiSaIiEESaIS3_EEE10deallocateEPS5_m
FN:129,_ZNK9__gnu_cxx13new_allocatorIiE8max_sizeEv
FN:129,_ZNK9__gnu_cxx13new_allocatorISt6vectorIS1_IiSaIiEESaIS3_EEE8max_sizeEv
FN:129,_ZNK9__gnu_cxx13new_allocatorISt6vectorIiSaIiEEE8max_sizeEv
FN:135,_ZN9__gnu_cxx13new_allocatorISt6vectorIS1_IiSaIiEESaIS3_EEE9constructIS5_JRKS5_EEEvPT_DpOT0_
FN:135,_ZN9__gnu_cxx13new_allocatorISt6vectorIiSaIiEEE9constructIS3_JRKS3_EEEvPT_DpOT0_
FN:135,_ZN9__gnu_cxx13new_allocatorISt6vectorIiSaIiEEE9constructIS3_JS3_EEEvPT_DpOT0_
FN:140,_ZN9__gnu_cxx13new_allocatorISt6vectorIiSaIiEEE7destroyIS3_EEvPT_
FN:140,_ZN9__gnu_cxx13new_allocatorISt6vectorIS1_IiSaIiEESaIS3_EEE7destroyIS5_EEvPT_
FNDA:0,_ZN9__gnu_cxx13new_allocatorISt6vectorIS1_IiSaIiEESaIS3_EEEC2Ev
FNDA:0,_ZN9__gnu_cxx13new_allocatorIiEC2Ev
FNDA:0,_ZN9__gnu_cxx13new_allocatorISt6vectorIiSaIiEEEC2Ev
FNDA:0,_ZN9__gnu_cxx13new_allocatorISt6vectorIiSaIiEEEC2ERKS4_
FNDA:0,_ZN9__gnu_cxx13new_allocatorIiEC2ERKS1_
FNDA:0,_ZN9__gnu_cxx13new_allocatorISt6vectorIS1_IiSaIiEESaIS3_EEED2Ev
FNDA:0,_ZN9__gnu_cxx13new_allocatorIiED2Ev
FNDA:0,_ZN9__gnu_cxx13new_allocatorISt6vectorIiSaIiEEED2Ev
FNDA:0,_ZN9__gnu_cxx13new_allocatorISt6vectorIS1_IiSaIiEESaIS3_EEE8allocateEmPKv
FNDA:0,_ZN9__gnu_cxx13new_allocatorIiE8allocateEmPKv
FNDA:0,_ZN9__gnu_cxx13new_allocatorISt6vectorIiSaIiEEE8allocateEmPKv
FNDA:0,_ZN9__gnu_cxx13new_allocatorISt6vectorIS1_IiSaIiEESaIS3_EEE10deallocateEPS5_m
FNDA:0,_ZN9__gnu_cxx13new_allocatorISt6vectorIiSaIiEEE10deallocateEPS3_m
FNDA:0,_ZN9__gnu_cxx13new_allocatorIiE10deallocateEPim
FNDA:0,_ZNK9__gnu_cxx13new_allocatorISt6vectorIS1_IiSaIiEESaIS3_EEE8max_sizeEv
FNDA:0,_ZNK9__gnu_cxx13new_allocatorIiE8max_sizeEv
FNDA:0,_ZNK9__gnu_cxx13new_allocatorISt6vectorIiSaIiEEE8max_sizeEv
FNDA:4842,_ZN9__gnu_cxx13new_allocatorISt6vectorIiSaIiEEE9constructIS3_JS3_EEEvPT_DpOT0_
FNDA:0,_ZN9__gnu_cxx13new_allocatorISt6vectorIS1_IiSaIiEESaIS3_EEE9constructIS5_JRKS5_EEEvPT_DpOT0_
FNDA:0,_ZN9__gnu_cxx13new_allocatorISt6vectorIiSaIiEEE9constructIS3_JRKS3_EEEvPT_DpOT0_
FNDA:0,_ZN9__gnu_cxx13new_allocatorISt6vectorIS1_IiSaIiEESaIS3_EEE7destroyIS5_EEvPT_
FNDA:0,_ZN9__gnu_cxx13new_allocatorISt6vectorIiSaIiEEE7destroyIS3_EEvPT_
FNF:22
FNH:1
DA:79,0
DA:81,0
DA:86,0
DA:99,0
DA:101,0
DA:102,0
DA:111,0
DA:116,0
DA:125,0
DA:126,0
DA:129,0
DA:130,0
DA:135,4842
DA:136,4842
DA:140,0
LF:15
LH:2
end_of_record
SF:/usr/include/c++/7/initializer_list
FN:71,_ZNKSt16initializer_listISt6vectorIiSaIiEEE4sizeEv
FN:71,_ZNKSt16initializer_listIiE4sizeEv
FN:75,_ZNKSt16initializer_listISt6vectorIiSaIiEEE5beginEv
FN:75,_ZNKSt16initializer_listIiE5beginEv
FN:79,_ZNKSt16initializer_listIiE3endEv
FN:79,_ZNKSt16initializer_listISt6vectorIiSaIiEEE3endEv
FNDA:0,_ZNKSt16initializer_listIiE4sizeEv
FNDA:0,_ZNKSt16initializer_listISt6vectorIiSaIiEEE4sizeEv
FNDA:0,_ZNKSt16initializer_listIiE5beginEv
FNDA:0,_ZNKSt16initializer_listISt6vectorIiSaIiEEE5beginEv
FNDA:0,_ZNKSt16initializer_listIiE3endEv
FNDA:0,_ZNKSt16initializer_listISt6vectorIiSaIiEEE3endEv
FNF:6
FNH:0
DA:71,0
DA:75,0
DA:79,0
LF:3
LH:0
end_of_record
SF:/usr/include/c++/7/new
FN:168,_ZnwmPv
FN:174,_ZdlPvS_
FNDA:0,_ZnwmPv
FNDA:0,_ZdlPvS_
FNF:2
FNH:0
DA:168,0
DA:169,0
DA:174,0
LF:3
LH:0
end_of_record
TN:
SF:/home/msaied/Documents/TPI-morfologia-matematica/lib/googletest-master/googletest/include/gtest/gtest.h
FN:2326,_Z13RUN_ALL_TESTSv
FNDA:6,_Z13RUN_ALL_TESTSv
FNF:1
FNH:1
DA:2326,6
DA:2327,6
LF:2
LH:2
end_of_record
SF:/home/msaied/Documents/TPI-morfologia-matematica/main.cpp
FN:4,main
FN:8,_Z41__static_initialization_and_destruction_0ii
FN:8,_GLOBAL__sub_I_main
FNDA:6,main
FNDA:6,_GLOBAL__sub_I_main
FNDA:6,_Z41__static_initialization_and_destruction_0ii
FNF:3
FNH:3
DA:4,6
DA:5,6
DA:6,6
DA:7,6
DA:8,18
LF:5
LH:5
end_of_record
SF:/usr/include/c++/7/iostream
DA:74,6
LF:1
LH:1
end_of_record
